[2023-12-31 14:27:42,364] multiqc                                            [DEBUG  ]  This is MultiQC v1.12.dev0
[2023-12-31 14:27:42,364] multiqc                                            [DEBUG  ]  No MultiQC config found: /home/groups/ravnica/env/hic/lib/python3.9/site-packages/multiqc_config.yaml
[2023-12-31 14:27:42,364] multiqc                                            [DEBUG  ]  No MultiQC config found: /home/users/skubi/.multiqc_config.yaml
[2023-12-31 14:27:42,364] multiqc                                            [DEBUG  ]  No MultiQC config found: multiqc_config.yaml
[2023-12-31 14:27:42,364] multiqc                                            [DEBUG  ]  Command used: /home/groups/ravnica/env/hic/bin/multiqc -n results/MERGE_KO/reports/multiqc_report.html results/1K_KO_1/pairs results/1K_KO_2/pairs results/1K_KO_3/pairs
[2023-12-31 14:27:42,757] multiqc                                            [WARNING]  MultiQC Version v1.19 now available!
[2023-12-31 14:27:42,757] multiqc                                            [DEBUG  ]  Command     : /home/groups/ravnica/env/hic/bin/multiqc -n results/MERGE_KO/reports/multiqc_report.html results/1K_KO_1/pairs results/1K_KO_2/pairs results/1K_KO_3/pairs
[2023-12-31 14:27:42,757] multiqc                                            [DEBUG  ]  Working dir : /home/groups/ravnica/projects/HiCkory
[2023-12-31 14:27:42,757] multiqc                                            [DEBUG  ]  Template    : default
[2023-12-31 14:27:42,757] multiqc                                            [DEBUG  ]  Running Python 3.9.14 | packaged by conda-forge | (main, Nov 21 2022, 13:19:30)  [GCC 10.4.0]
[2023-12-31 14:27:42,758] multiqc                                            [DEBUG  ]  Analysing modules: custom_content, ccs, ngsderive, purple, conpair, lima, peddy, somalier, methylQA, mosdepth, phantompeakqualtools, qualimap, preseq, quast, qorts, rna_seqc, rockhopper, rsem, rseqc, busco, bustools, goleft_indexcov, gffcompare, disambiguate, supernova, deeptools, sargasso, verifybamid, mirtrace, happy, mirtop, sambamba, homer, hops, macs2, theta2, snpeff, gatk, htseq, bcftools, featureCounts, fgbio, dragen, dedup, damageprofiler, biobambam2, jcvi, mtnucratio, picard, vep, sentieon, prokka, qc3C, nanostat, samblaster, samtools, sexdeterrmine, eigenstratdatabasetools, bamtools, jellyfish, vcftools, longranger, stacks, varscan2, snippy, bbmap, bismark, biscuit, hicexplorer, hicup, pairtools, hicpro, salmon, kallisto, slamdunk, star, hisat2, tophat, bowtie2, bowtie1, snpsplit, odgi, pangolin, kat, leehom, adapterRemoval, clipandmerge, cutadapt, flexbar, kaiju, kraken, malt, trimmomatic, sickle, skewer, sortmerna, biobloomtools, fastq_screen, afterqc, fastp, fastqc, pychopper, pycoqc, minionqc, multivcfanalyzer, clusterflow, bcl2fastq, bclconvert, interop, ivar, flash, seqyclean, optitype
[2023-12-31 14:27:42,758] multiqc                                            [DEBUG  ]  Using temporary directory for creating report: /tmp/tmpf4rmbc26
[2023-12-31 14:27:42,995] multiqc                                            [INFO   ]  Search path : /home/groups/ravnica/projects/HiCkory/results/1K_KO_1/pairs
[2023-12-31 14:27:42,995] multiqc                                            [INFO   ]  Search path : /home/groups/ravnica/projects/HiCkory/results/1K_KO_2/pairs
[2023-12-31 14:27:42,995] multiqc                                            [INFO   ]  Search path : /home/groups/ravnica/projects/HiCkory/results/1K_KO_3/pairs
[2023-12-31 14:27:43,020] multiqc                                            [DEBUG  ]  File ignored by ccs/v4 because it exceeded search pattern filesize limit: 1K_KO_1_dsmin_sort.pairs
[2023-12-31 14:27:43,022] multiqc                                            [DEBUG  ]  File ignored by hicexplorer because it exceeded search pattern filesize limit: 1K_KO_1_dsmin_sort.pairs
[2023-12-31 14:27:43,022] multiqc                                            [DEBUG  ]  File ignored by nanostat because it exceeded search pattern filesize limit: 1K_KO_1_dsmin_sort.pairs
[2023-12-31 14:27:43,022] multiqc                                            [DEBUG  ]  File ignored by lima/summary because it exceeded search pattern filesize limit: 1K_KO_1_dsmin_sort.pairs
[2023-12-31 14:27:43,024] multiqc                                            [DEBUG  ]  File ignored by vep/vep_html because it exceeded search pattern filesize limit: 1K_KO_1_dsmin_sort.pairs
[2023-12-31 14:27:43,024] multiqc                                            [DEBUG  ]  File ignored by vep/vep_txt because it exceeded search pattern filesize limit: 1K_KO_1_dsmin_sort.pairs
[2023-12-31 14:27:43,024] multiqc                                            [DEBUG  ]  File ignored by longranger/invocation because it exceeded search pattern filesize limit: 1K_KO_1_dsmin_sort.pairs
[2023-12-31 14:27:43,024] multiqc                                            [DEBUG  ]  File ignored by rockhopper because it exceeded search pattern filesize limit: 1K_KO_1_dsmin_sort.pairs
[2023-12-31 14:27:43,024] multiqc                                            [DEBUG  ]  File ignored by rseqc/bam_stat because it exceeded search pattern filesize limit: 1K_KO_1_dsmin_sort.pairs
[2023-12-31 14:27:43,024] multiqc                                            [DEBUG  ]  File ignored by rseqc/junction_annotation because it exceeded search pattern filesize limit: 1K_KO_1_dsmin_sort.pairs
[2023-12-31 14:27:43,025] multiqc                                            [DEBUG  ]  File ignored by rseqc/read_distribution because it exceeded search pattern filesize limit: 1K_KO_1_dsmin_sort.pairs
[2023-12-31 14:27:43,025] multiqc                                            [DEBUG  ]  File ignored by rseqc/infer_experiment because it exceeded search pattern filesize limit: 1K_KO_1_dsmin_sort.pairs
[2023-12-31 14:27:43,026] multiqc                                            [DEBUG  ]  File ignored by stacks/sumstats because it exceeded search pattern filesize limit: 1K_KO_1_dsmin_sort.pairs
[2023-12-31 14:27:43,099] multiqc                                            [DEBUG  ]  File ignored by ccs/v4 because it exceeded search pattern filesize limit: 1K_KO_1_dsmin_sort_dedup_select.pairs
[2023-12-31 14:27:43,100] multiqc                                            [DEBUG  ]  File ignored by hicexplorer because it exceeded search pattern filesize limit: 1K_KO_1_dsmin_sort_dedup_select.pairs
[2023-12-31 14:27:43,100] multiqc                                            [DEBUG  ]  File ignored by nanostat because it exceeded search pattern filesize limit: 1K_KO_1_dsmin_sort_dedup_select.pairs
[2023-12-31 14:27:43,100] multiqc                                            [DEBUG  ]  File ignored by lima/summary because it exceeded search pattern filesize limit: 1K_KO_1_dsmin_sort_dedup_select.pairs
[2023-12-31 14:27:43,101] multiqc                                            [DEBUG  ]  File ignored by vep/vep_txt because it exceeded search pattern filesize limit: 1K_KO_1_dsmin_sort_dedup_select.pairs
[2023-12-31 14:27:43,101] multiqc                                            [DEBUG  ]  File ignored by longranger/invocation because it exceeded search pattern filesize limit: 1K_KO_1_dsmin_sort_dedup_select.pairs
[2023-12-31 14:27:43,102] multiqc                                            [DEBUG  ]  File ignored by rockhopper because it exceeded search pattern filesize limit: 1K_KO_1_dsmin_sort_dedup_select.pairs
[2023-12-31 14:27:43,102] multiqc                                            [DEBUG  ]  File ignored by rseqc/bam_stat because it exceeded search pattern filesize limit: 1K_KO_1_dsmin_sort_dedup_select.pairs
[2023-12-31 14:27:43,102] multiqc                                            [DEBUG  ]  File ignored by rseqc/junction_annotation because it exceeded search pattern filesize limit: 1K_KO_1_dsmin_sort_dedup_select.pairs
[2023-12-31 14:27:43,102] multiqc                                            [DEBUG  ]  File ignored by rseqc/read_distribution because it exceeded search pattern filesize limit: 1K_KO_1_dsmin_sort_dedup_select.pairs
[2023-12-31 14:27:43,102] multiqc                                            [DEBUG  ]  File ignored by rseqc/infer_experiment because it exceeded search pattern filesize limit: 1K_KO_1_dsmin_sort_dedup_select.pairs
[2023-12-31 14:27:43,157] multiqc                                            [DEBUG  ]  File ignored by ccs/v4 because it exceeded search pattern filesize limit: 1K_KO_1_pairtools_parse_stats.txt
[2023-12-31 14:27:43,160] multiqc                                            [DEBUG  ]  File ignored by ccs/v4 because it exceeded search pattern filesize limit: 1K_KO_1_dsmin_sort_dedup_rest.pairs
[2023-12-31 14:27:43,161] multiqc                                            [DEBUG  ]  File ignored by hicexplorer because it exceeded search pattern filesize limit: 1K_KO_1_dsmin_sort_dedup_rest.pairs
[2023-12-31 14:27:43,161] multiqc                                            [DEBUG  ]  File ignored by nanostat because it exceeded search pattern filesize limit: 1K_KO_1_dsmin_sort_dedup_rest.pairs
[2023-12-31 14:27:43,161] multiqc                                            [DEBUG  ]  File ignored by lima/summary because it exceeded search pattern filesize limit: 1K_KO_1_dsmin_sort_dedup_rest.pairs
[2023-12-31 14:27:43,163] multiqc                                            [DEBUG  ]  File ignored by longranger/invocation because it exceeded search pattern filesize limit: 1K_KO_1_dsmin_sort_dedup_rest.pairs
[2023-12-31 14:27:43,175] multiqc                                            [DEBUG  ]  File ignored by ccs/v4 because it exceeded search pattern filesize limit: 1K_KO_1_dsmin_sort_removed_duplicates.pairs
[2023-12-31 14:27:43,176] multiqc                                            [DEBUG  ]  File ignored by hicexplorer because it exceeded search pattern filesize limit: 1K_KO_1_dsmin_sort_removed_duplicates.pairs
[2023-12-31 14:27:43,176] multiqc                                            [DEBUG  ]  File ignored by nanostat because it exceeded search pattern filesize limit: 1K_KO_1_dsmin_sort_removed_duplicates.pairs
[2023-12-31 14:27:43,176] multiqc                                            [DEBUG  ]  File ignored by lima/summary because it exceeded search pattern filesize limit: 1K_KO_1_dsmin_sort_removed_duplicates.pairs
[2023-12-31 14:27:43,177] multiqc                                            [DEBUG  ]  File ignored by longranger/invocation because it exceeded search pattern filesize limit: 1K_KO_1_dsmin_sort_removed_duplicates.pairs
[2023-12-31 14:27:43,190] multiqc                                            [DEBUG  ]  File ignored by ccs/v4 because it exceeded search pattern filesize limit: 1K_KO_1_dsmin_sort_dedup_stats.txt
[2023-12-31 14:27:43,193] multiqc                                            [DEBUG  ]  File ignored by ccs/v4 because it exceeded search pattern filesize limit: 1K_KO_1.pairs
[2023-12-31 14:27:43,194] multiqc                                            [DEBUG  ]  File ignored by hicexplorer because it exceeded search pattern filesize limit: 1K_KO_1.pairs
[2023-12-31 14:27:43,194] multiqc                                            [DEBUG  ]  File ignored by nanostat because it exceeded search pattern filesize limit: 1K_KO_1.pairs
[2023-12-31 14:27:43,194] multiqc                                            [DEBUG  ]  File ignored by lima/summary because it exceeded search pattern filesize limit: 1K_KO_1.pairs
[2023-12-31 14:27:43,195] multiqc                                            [DEBUG  ]  File ignored by vep/vep_html because it exceeded search pattern filesize limit: 1K_KO_1.pairs
[2023-12-31 14:27:43,196] multiqc                                            [DEBUG  ]  File ignored by vep/vep_txt because it exceeded search pattern filesize limit: 1K_KO_1.pairs
[2023-12-31 14:27:43,196] multiqc                                            [DEBUG  ]  File ignored by longranger/invocation because it exceeded search pattern filesize limit: 1K_KO_1.pairs
[2023-12-31 14:27:43,196] multiqc                                            [DEBUG  ]  File ignored by rockhopper because it exceeded search pattern filesize limit: 1K_KO_1.pairs
[2023-12-31 14:27:43,196] multiqc                                            [DEBUG  ]  File ignored by rseqc/bam_stat because it exceeded search pattern filesize limit: 1K_KO_1.pairs
[2023-12-31 14:27:43,196] multiqc                                            [DEBUG  ]  File ignored by rseqc/junction_annotation because it exceeded search pattern filesize limit: 1K_KO_1.pairs
[2023-12-31 14:27:43,196] multiqc                                            [DEBUG  ]  File ignored by rseqc/read_distribution because it exceeded search pattern filesize limit: 1K_KO_1.pairs
[2023-12-31 14:27:43,196] multiqc                                            [DEBUG  ]  File ignored by rseqc/infer_experiment because it exceeded search pattern filesize limit: 1K_KO_1.pairs
[2023-12-31 14:27:43,197] multiqc                                            [DEBUG  ]  File ignored by stacks/sumstats because it exceeded search pattern filesize limit: 1K_KO_1.pairs
[2023-12-31 14:27:43,269] multiqc                                            [DEBUG  ]  File ignored by ccs/v4 because it exceeded search pattern filesize limit: 1K_KO_1_dsmin_sort_dedup.pairs
[2023-12-31 14:27:43,270] multiqc                                            [DEBUG  ]  File ignored by hicexplorer because it exceeded search pattern filesize limit: 1K_KO_1_dsmin_sort_dedup.pairs
[2023-12-31 14:27:43,270] multiqc                                            [DEBUG  ]  File ignored by nanostat because it exceeded search pattern filesize limit: 1K_KO_1_dsmin_sort_dedup.pairs
[2023-12-31 14:27:43,270] multiqc                                            [DEBUG  ]  File ignored by lima/summary because it exceeded search pattern filesize limit: 1K_KO_1_dsmin_sort_dedup.pairs
[2023-12-31 14:27:43,272] multiqc                                            [DEBUG  ]  File ignored by vep/vep_txt because it exceeded search pattern filesize limit: 1K_KO_1_dsmin_sort_dedup.pairs
[2023-12-31 14:27:43,272] multiqc                                            [DEBUG  ]  File ignored by longranger/invocation because it exceeded search pattern filesize limit: 1K_KO_1_dsmin_sort_dedup.pairs
[2023-12-31 14:27:43,272] multiqc                                            [DEBUG  ]  File ignored by rockhopper because it exceeded search pattern filesize limit: 1K_KO_1_dsmin_sort_dedup.pairs
[2023-12-31 14:27:43,272] multiqc                                            [DEBUG  ]  File ignored by rseqc/bam_stat because it exceeded search pattern filesize limit: 1K_KO_1_dsmin_sort_dedup.pairs
[2023-12-31 14:27:43,272] multiqc                                            [DEBUG  ]  File ignored by rseqc/junction_annotation because it exceeded search pattern filesize limit: 1K_KO_1_dsmin_sort_dedup.pairs
[2023-12-31 14:27:43,272] multiqc                                            [DEBUG  ]  File ignored by rseqc/read_distribution because it exceeded search pattern filesize limit: 1K_KO_1_dsmin_sort_dedup.pairs
[2023-12-31 14:27:43,272] multiqc                                            [DEBUG  ]  File ignored by rseqc/infer_experiment because it exceeded search pattern filesize limit: 1K_KO_1_dsmin_sort_dedup.pairs
[2023-12-31 14:27:43,327] multiqc                                            [DEBUG  ]  File ignored by ccs/v4 because it exceeded search pattern filesize limit: 1K_KO_1_dsmin.pairs
[2023-12-31 14:27:43,328] multiqc                                            [DEBUG  ]  File ignored by hicexplorer because it exceeded search pattern filesize limit: 1K_KO_1_dsmin.pairs
[2023-12-31 14:27:43,328] multiqc                                            [DEBUG  ]  File ignored by nanostat because it exceeded search pattern filesize limit: 1K_KO_1_dsmin.pairs
[2023-12-31 14:27:43,328] multiqc                                            [DEBUG  ]  File ignored by lima/summary because it exceeded search pattern filesize limit: 1K_KO_1_dsmin.pairs
[2023-12-31 14:27:43,329] multiqc                                            [DEBUG  ]  File ignored by vep/vep_html because it exceeded search pattern filesize limit: 1K_KO_1_dsmin.pairs
[2023-12-31 14:27:43,329] multiqc                                            [DEBUG  ]  File ignored by vep/vep_txt because it exceeded search pattern filesize limit: 1K_KO_1_dsmin.pairs
[2023-12-31 14:27:43,329] multiqc                                            [DEBUG  ]  File ignored by longranger/invocation because it exceeded search pattern filesize limit: 1K_KO_1_dsmin.pairs
[2023-12-31 14:27:43,330] multiqc                                            [DEBUG  ]  File ignored by rockhopper because it exceeded search pattern filesize limit: 1K_KO_1_dsmin.pairs
[2023-12-31 14:27:43,330] multiqc                                            [DEBUG  ]  File ignored by rseqc/bam_stat because it exceeded search pattern filesize limit: 1K_KO_1_dsmin.pairs
[2023-12-31 14:27:43,330] multiqc                                            [DEBUG  ]  File ignored by rseqc/junction_annotation because it exceeded search pattern filesize limit: 1K_KO_1_dsmin.pairs
[2023-12-31 14:27:43,330] multiqc                                            [DEBUG  ]  File ignored by rseqc/read_distribution because it exceeded search pattern filesize limit: 1K_KO_1_dsmin.pairs
[2023-12-31 14:27:43,330] multiqc                                            [DEBUG  ]  File ignored by rseqc/infer_experiment because it exceeded search pattern filesize limit: 1K_KO_1_dsmin.pairs
[2023-12-31 14:27:43,331] multiqc                                            [DEBUG  ]  File ignored by stacks/sumstats because it exceeded search pattern filesize limit: 1K_KO_1_dsmin.pairs
[2023-12-31 14:27:43,402] multiqc                                            [DEBUG  ]  File ignored by ccs/v4 because it exceeded search pattern filesize limit: 1K_KO_2_dsmin_sort_removed_duplicates.pairs
[2023-12-31 14:27:43,402] multiqc                                            [DEBUG  ]  File ignored by hicexplorer because it exceeded search pattern filesize limit: 1K_KO_2_dsmin_sort_removed_duplicates.pairs
[2023-12-31 14:27:43,402] multiqc                                            [DEBUG  ]  File ignored by nanostat because it exceeded search pattern filesize limit: 1K_KO_2_dsmin_sort_removed_duplicates.pairs
[2023-12-31 14:27:43,403] multiqc                                            [DEBUG  ]  File ignored by lima/summary because it exceeded search pattern filesize limit: 1K_KO_2_dsmin_sort_removed_duplicates.pairs
[2023-12-31 14:27:43,404] multiqc                                            [DEBUG  ]  File ignored by longranger/invocation because it exceeded search pattern filesize limit: 1K_KO_2_dsmin_sort_removed_duplicates.pairs
[2023-12-31 14:27:43,413] multiqc                                            [DEBUG  ]  File ignored by ccs/v4 because it exceeded search pattern filesize limit: 1K_KO_2_dsmin_sort.pairs
[2023-12-31 14:27:43,414] multiqc                                            [DEBUG  ]  File ignored by hicexplorer because it exceeded search pattern filesize limit: 1K_KO_2_dsmin_sort.pairs
[2023-12-31 14:27:43,414] multiqc                                            [DEBUG  ]  File ignored by nanostat because it exceeded search pattern filesize limit: 1K_KO_2_dsmin_sort.pairs
[2023-12-31 14:27:43,414] multiqc                                            [DEBUG  ]  File ignored by lima/summary because it exceeded search pattern filesize limit: 1K_KO_2_dsmin_sort.pairs
[2023-12-31 14:27:43,416] multiqc                                            [DEBUG  ]  File ignored by vep/vep_html because it exceeded search pattern filesize limit: 1K_KO_2_dsmin_sort.pairs
[2023-12-31 14:27:43,416] multiqc                                            [DEBUG  ]  File ignored by vep/vep_txt because it exceeded search pattern filesize limit: 1K_KO_2_dsmin_sort.pairs
[2023-12-31 14:27:43,416] multiqc                                            [DEBUG  ]  File ignored by longranger/invocation because it exceeded search pattern filesize limit: 1K_KO_2_dsmin_sort.pairs
[2023-12-31 14:27:43,416] multiqc                                            [DEBUG  ]  File ignored by rockhopper because it exceeded search pattern filesize limit: 1K_KO_2_dsmin_sort.pairs
[2023-12-31 14:27:43,416] multiqc                                            [DEBUG  ]  File ignored by rseqc/bam_stat because it exceeded search pattern filesize limit: 1K_KO_2_dsmin_sort.pairs
[2023-12-31 14:27:43,416] multiqc                                            [DEBUG  ]  File ignored by rseqc/junction_annotation because it exceeded search pattern filesize limit: 1K_KO_2_dsmin_sort.pairs
[2023-12-31 14:27:43,416] multiqc                                            [DEBUG  ]  File ignored by rseqc/read_distribution because it exceeded search pattern filesize limit: 1K_KO_2_dsmin_sort.pairs
[2023-12-31 14:27:43,416] multiqc                                            [DEBUG  ]  File ignored by rseqc/infer_experiment because it exceeded search pattern filesize limit: 1K_KO_2_dsmin_sort.pairs
[2023-12-31 14:27:43,417] multiqc                                            [DEBUG  ]  File ignored by stacks/sumstats because it exceeded search pattern filesize limit: 1K_KO_2_dsmin_sort.pairs
[2023-12-31 14:27:43,484] multiqc                                            [DEBUG  ]  File ignored by ccs/v4 because it exceeded search pattern filesize limit: 1K_KO_2_dsmin_sort_dedup.pairs
[2023-12-31 14:27:43,485] multiqc                                            [DEBUG  ]  File ignored by hicexplorer because it exceeded search pattern filesize limit: 1K_KO_2_dsmin_sort_dedup.pairs
[2023-12-31 14:27:43,485] multiqc                                            [DEBUG  ]  File ignored by nanostat because it exceeded search pattern filesize limit: 1K_KO_2_dsmin_sort_dedup.pairs
[2023-12-31 14:27:43,485] multiqc                                            [DEBUG  ]  File ignored by lima/summary because it exceeded search pattern filesize limit: 1K_KO_2_dsmin_sort_dedup.pairs
[2023-12-31 14:27:43,486] multiqc                                            [DEBUG  ]  File ignored by vep/vep_txt because it exceeded search pattern filesize limit: 1K_KO_2_dsmin_sort_dedup.pairs
[2023-12-31 14:27:43,487] multiqc                                            [DEBUG  ]  File ignored by longranger/invocation because it exceeded search pattern filesize limit: 1K_KO_2_dsmin_sort_dedup.pairs
[2023-12-31 14:27:43,487] multiqc                                            [DEBUG  ]  File ignored by rockhopper because it exceeded search pattern filesize limit: 1K_KO_2_dsmin_sort_dedup.pairs
[2023-12-31 14:27:43,487] multiqc                                            [DEBUG  ]  File ignored by rseqc/bam_stat because it exceeded search pattern filesize limit: 1K_KO_2_dsmin_sort_dedup.pairs
[2023-12-31 14:27:43,487] multiqc                                            [DEBUG  ]  File ignored by rseqc/junction_annotation because it exceeded search pattern filesize limit: 1K_KO_2_dsmin_sort_dedup.pairs
[2023-12-31 14:27:43,487] multiqc                                            [DEBUG  ]  File ignored by rseqc/read_distribution because it exceeded search pattern filesize limit: 1K_KO_2_dsmin_sort_dedup.pairs
[2023-12-31 14:27:43,487] multiqc                                            [DEBUG  ]  File ignored by rseqc/infer_experiment because it exceeded search pattern filesize limit: 1K_KO_2_dsmin_sort_dedup.pairs
[2023-12-31 14:27:43,536] multiqc                                            [DEBUG  ]  File ignored by ccs/v4 because it exceeded search pattern filesize limit: 1K_KO_2_dsmin_sort_dedup_select.pairs
[2023-12-31 14:27:43,536] multiqc                                            [DEBUG  ]  File ignored by hicexplorer because it exceeded search pattern filesize limit: 1K_KO_2_dsmin_sort_dedup_select.pairs
[2023-12-31 14:27:43,537] multiqc                                            [DEBUG  ]  File ignored by nanostat because it exceeded search pattern filesize limit: 1K_KO_2_dsmin_sort_dedup_select.pairs
[2023-12-31 14:27:43,537] multiqc                                            [DEBUG  ]  File ignored by lima/summary because it exceeded search pattern filesize limit: 1K_KO_2_dsmin_sort_dedup_select.pairs
[2023-12-31 14:27:43,538] multiqc                                            [DEBUG  ]  File ignored by vep/vep_txt because it exceeded search pattern filesize limit: 1K_KO_2_dsmin_sort_dedup_select.pairs
[2023-12-31 14:27:43,538] multiqc                                            [DEBUG  ]  File ignored by longranger/invocation because it exceeded search pattern filesize limit: 1K_KO_2_dsmin_sort_dedup_select.pairs
[2023-12-31 14:27:43,538] multiqc                                            [DEBUG  ]  File ignored by rockhopper because it exceeded search pattern filesize limit: 1K_KO_2_dsmin_sort_dedup_select.pairs
[2023-12-31 14:27:43,538] multiqc                                            [DEBUG  ]  File ignored by rseqc/bam_stat because it exceeded search pattern filesize limit: 1K_KO_2_dsmin_sort_dedup_select.pairs
[2023-12-31 14:27:43,538] multiqc                                            [DEBUG  ]  File ignored by rseqc/junction_annotation because it exceeded search pattern filesize limit: 1K_KO_2_dsmin_sort_dedup_select.pairs
[2023-12-31 14:27:43,538] multiqc                                            [DEBUG  ]  File ignored by rseqc/read_distribution because it exceeded search pattern filesize limit: 1K_KO_2_dsmin_sort_dedup_select.pairs
[2023-12-31 14:27:43,538] multiqc                                            [DEBUG  ]  File ignored by rseqc/infer_experiment because it exceeded search pattern filesize limit: 1K_KO_2_dsmin_sort_dedup_select.pairs
[2023-12-31 14:27:43,586] multiqc                                            [DEBUG  ]  File ignored by ccs/v4 because it exceeded search pattern filesize limit: 1K_KO_2_dsmin.pairs
[2023-12-31 14:27:43,587] multiqc                                            [DEBUG  ]  File ignored by hicexplorer because it exceeded search pattern filesize limit: 1K_KO_2_dsmin.pairs
[2023-12-31 14:27:43,587] multiqc                                            [DEBUG  ]  File ignored by nanostat because it exceeded search pattern filesize limit: 1K_KO_2_dsmin.pairs
[2023-12-31 14:27:43,587] multiqc                                            [DEBUG  ]  File ignored by lima/summary because it exceeded search pattern filesize limit: 1K_KO_2_dsmin.pairs
[2023-12-31 14:27:43,588] multiqc                                            [DEBUG  ]  File ignored by vep/vep_html because it exceeded search pattern filesize limit: 1K_KO_2_dsmin.pairs
[2023-12-31 14:27:43,588] multiqc                                            [DEBUG  ]  File ignored by vep/vep_txt because it exceeded search pattern filesize limit: 1K_KO_2_dsmin.pairs
[2023-12-31 14:27:43,588] multiqc                                            [DEBUG  ]  File ignored by longranger/invocation because it exceeded search pattern filesize limit: 1K_KO_2_dsmin.pairs
[2023-12-31 14:27:43,588] multiqc                                            [DEBUG  ]  File ignored by rockhopper because it exceeded search pattern filesize limit: 1K_KO_2_dsmin.pairs
[2023-12-31 14:27:43,588] multiqc                                            [DEBUG  ]  File ignored by rseqc/bam_stat because it exceeded search pattern filesize limit: 1K_KO_2_dsmin.pairs
[2023-12-31 14:27:43,588] multiqc                                            [DEBUG  ]  File ignored by rseqc/junction_annotation because it exceeded search pattern filesize limit: 1K_KO_2_dsmin.pairs
[2023-12-31 14:27:43,588] multiqc                                            [DEBUG  ]  File ignored by rseqc/read_distribution because it exceeded search pattern filesize limit: 1K_KO_2_dsmin.pairs
[2023-12-31 14:27:43,588] multiqc                                            [DEBUG  ]  File ignored by rseqc/infer_experiment because it exceeded search pattern filesize limit: 1K_KO_2_dsmin.pairs
[2023-12-31 14:27:43,590] multiqc                                            [DEBUG  ]  File ignored by stacks/sumstats because it exceeded search pattern filesize limit: 1K_KO_2_dsmin.pairs
[2023-12-31 14:27:43,655] multiqc                                            [DEBUG  ]  File ignored by ccs/v4 because it exceeded search pattern filesize limit: 1K_KO_2.pairs
[2023-12-31 14:27:43,656] multiqc                                            [DEBUG  ]  File ignored by hicexplorer because it exceeded search pattern filesize limit: 1K_KO_2.pairs
[2023-12-31 14:27:43,656] multiqc                                            [DEBUG  ]  File ignored by nanostat because it exceeded search pattern filesize limit: 1K_KO_2.pairs
[2023-12-31 14:27:43,656] multiqc                                            [DEBUG  ]  File ignored by lima/summary because it exceeded search pattern filesize limit: 1K_KO_2.pairs
[2023-12-31 14:27:43,658] multiqc                                            [DEBUG  ]  File ignored by vep/vep_html because it exceeded search pattern filesize limit: 1K_KO_2.pairs
[2023-12-31 14:27:43,658] multiqc                                            [DEBUG  ]  File ignored by vep/vep_txt because it exceeded search pattern filesize limit: 1K_KO_2.pairs
[2023-12-31 14:27:43,658] multiqc                                            [DEBUG  ]  File ignored by longranger/invocation because it exceeded search pattern filesize limit: 1K_KO_2.pairs
[2023-12-31 14:27:43,658] multiqc                                            [DEBUG  ]  File ignored by rockhopper because it exceeded search pattern filesize limit: 1K_KO_2.pairs
[2023-12-31 14:27:43,658] multiqc                                            [DEBUG  ]  File ignored by rseqc/bam_stat because it exceeded search pattern filesize limit: 1K_KO_2.pairs
[2023-12-31 14:27:43,658] multiqc                                            [DEBUG  ]  File ignored by rseqc/junction_annotation because it exceeded search pattern filesize limit: 1K_KO_2.pairs
[2023-12-31 14:27:43,658] multiqc                                            [DEBUG  ]  File ignored by rseqc/read_distribution because it exceeded search pattern filesize limit: 1K_KO_2.pairs
[2023-12-31 14:27:43,658] multiqc                                            [DEBUG  ]  File ignored by rseqc/infer_experiment because it exceeded search pattern filesize limit: 1K_KO_2.pairs
[2023-12-31 14:27:43,659] multiqc                                            [DEBUG  ]  File ignored by stacks/sumstats because it exceeded search pattern filesize limit: 1K_KO_2.pairs
[2023-12-31 14:27:43,725] multiqc                                            [DEBUG  ]  File ignored by ccs/v4 because it exceeded search pattern filesize limit: 1K_KO_2_dsmin_sort_dedup_stats.txt
[2023-12-31 14:27:43,728] multiqc                                            [DEBUG  ]  File ignored by ccs/v4 because it exceeded search pattern filesize limit: 1K_KO_2_dsmin_sort_dedup_rest.pairs
[2023-12-31 14:27:43,728] multiqc                                            [DEBUG  ]  File ignored by hicexplorer because it exceeded search pattern filesize limit: 1K_KO_2_dsmin_sort_dedup_rest.pairs
[2023-12-31 14:27:43,728] multiqc                                            [DEBUG  ]  File ignored by nanostat because it exceeded search pattern filesize limit: 1K_KO_2_dsmin_sort_dedup_rest.pairs
[2023-12-31 14:27:43,729] multiqc                                            [DEBUG  ]  File ignored by lima/summary because it exceeded search pattern filesize limit: 1K_KO_2_dsmin_sort_dedup_rest.pairs
[2023-12-31 14:27:43,730] multiqc                                            [DEBUG  ]  File ignored by longranger/invocation because it exceeded search pattern filesize limit: 1K_KO_2_dsmin_sort_dedup_rest.pairs
[2023-12-31 14:27:43,739] multiqc                                            [DEBUG  ]  File ignored by ccs/v4 because it exceeded search pattern filesize limit: 1K_KO_2_pairtools_parse_stats.txt
[2023-12-31 14:27:43,741] multiqc                                            [DEBUG  ]  File ignored by ccs/v4 because it exceeded search pattern filesize limit: 1K_KO_3.pairs
[2023-12-31 14:27:43,742] multiqc                                            [DEBUG  ]  File ignored by hicexplorer because it exceeded search pattern filesize limit: 1K_KO_3.pairs
[2023-12-31 14:27:43,742] multiqc                                            [DEBUG  ]  File ignored by nanostat because it exceeded search pattern filesize limit: 1K_KO_3.pairs
[2023-12-31 14:27:43,742] multiqc                                            [DEBUG  ]  File ignored by lima/summary because it exceeded search pattern filesize limit: 1K_KO_3.pairs
[2023-12-31 14:27:43,743] multiqc                                            [DEBUG  ]  File ignored by vep/vep_html because it exceeded search pattern filesize limit: 1K_KO_3.pairs
[2023-12-31 14:27:43,743] multiqc                                            [DEBUG  ]  File ignored by vep/vep_txt because it exceeded search pattern filesize limit: 1K_KO_3.pairs
[2023-12-31 14:27:43,743] multiqc                                            [DEBUG  ]  File ignored by longranger/invocation because it exceeded search pattern filesize limit: 1K_KO_3.pairs
[2023-12-31 14:27:43,743] multiqc                                            [DEBUG  ]  File ignored by rockhopper because it exceeded search pattern filesize limit: 1K_KO_3.pairs
[2023-12-31 14:27:43,743] multiqc                                            [DEBUG  ]  File ignored by rseqc/bam_stat because it exceeded search pattern filesize limit: 1K_KO_3.pairs
[2023-12-31 14:27:43,743] multiqc                                            [DEBUG  ]  File ignored by rseqc/junction_annotation because it exceeded search pattern filesize limit: 1K_KO_3.pairs
[2023-12-31 14:27:43,743] multiqc                                            [DEBUG  ]  File ignored by rseqc/read_distribution because it exceeded search pattern filesize limit: 1K_KO_3.pairs
[2023-12-31 14:27:43,743] multiqc                                            [DEBUG  ]  File ignored by rseqc/infer_experiment because it exceeded search pattern filesize limit: 1K_KO_3.pairs
[2023-12-31 14:27:43,745] multiqc                                            [DEBUG  ]  File ignored by stacks/sumstats because it exceeded search pattern filesize limit: 1K_KO_3.pairs
[2023-12-31 14:27:43,811] multiqc                                            [DEBUG  ]  File ignored by ccs/v4 because it exceeded search pattern filesize limit: 1K_KO_3_dsmin_sort.pairs
[2023-12-31 14:27:43,811] multiqc                                            [DEBUG  ]  File ignored by hicexplorer because it exceeded search pattern filesize limit: 1K_KO_3_dsmin_sort.pairs
[2023-12-31 14:27:43,811] multiqc                                            [DEBUG  ]  File ignored by nanostat because it exceeded search pattern filesize limit: 1K_KO_3_dsmin_sort.pairs
[2023-12-31 14:27:43,812] multiqc                                            [DEBUG  ]  File ignored by lima/summary because it exceeded search pattern filesize limit: 1K_KO_3_dsmin_sort.pairs
[2023-12-31 14:27:43,813] multiqc                                            [DEBUG  ]  File ignored by vep/vep_html because it exceeded search pattern filesize limit: 1K_KO_3_dsmin_sort.pairs
[2023-12-31 14:27:43,813] multiqc                                            [DEBUG  ]  File ignored by vep/vep_txt because it exceeded search pattern filesize limit: 1K_KO_3_dsmin_sort.pairs
[2023-12-31 14:27:43,813] multiqc                                            [DEBUG  ]  File ignored by longranger/invocation because it exceeded search pattern filesize limit: 1K_KO_3_dsmin_sort.pairs
[2023-12-31 14:27:43,813] multiqc                                            [DEBUG  ]  File ignored by rockhopper because it exceeded search pattern filesize limit: 1K_KO_3_dsmin_sort.pairs
[2023-12-31 14:27:43,813] multiqc                                            [DEBUG  ]  File ignored by rseqc/bam_stat because it exceeded search pattern filesize limit: 1K_KO_3_dsmin_sort.pairs
[2023-12-31 14:27:43,813] multiqc                                            [DEBUG  ]  File ignored by rseqc/junction_annotation because it exceeded search pattern filesize limit: 1K_KO_3_dsmin_sort.pairs
[2023-12-31 14:27:43,813] multiqc                                            [DEBUG  ]  File ignored by rseqc/read_distribution because it exceeded search pattern filesize limit: 1K_KO_3_dsmin_sort.pairs
[2023-12-31 14:27:43,813] multiqc                                            [DEBUG  ]  File ignored by rseqc/infer_experiment because it exceeded search pattern filesize limit: 1K_KO_3_dsmin_sort.pairs
[2023-12-31 14:27:43,814] multiqc                                            [DEBUG  ]  File ignored by stacks/sumstats because it exceeded search pattern filesize limit: 1K_KO_3_dsmin_sort.pairs
[2023-12-31 14:27:43,879] multiqc                                            [DEBUG  ]  File ignored by ccs/v4 because it exceeded search pattern filesize limit: 1K_KO_3_dsmin_sort_dedup_stats.txt
[2023-12-31 14:27:43,882] multiqc                                            [DEBUG  ]  File ignored by ccs/v4 because it exceeded search pattern filesize limit: 1K_KO_3_dsmin_sort_dedup_select.pairs
[2023-12-31 14:27:43,882] multiqc                                            [DEBUG  ]  File ignored by hicexplorer because it exceeded search pattern filesize limit: 1K_KO_3_dsmin_sort_dedup_select.pairs
[2023-12-31 14:27:43,883] multiqc                                            [DEBUG  ]  File ignored by nanostat because it exceeded search pattern filesize limit: 1K_KO_3_dsmin_sort_dedup_select.pairs
[2023-12-31 14:27:43,883] multiqc                                            [DEBUG  ]  File ignored by lima/summary because it exceeded search pattern filesize limit: 1K_KO_3_dsmin_sort_dedup_select.pairs
[2023-12-31 14:27:43,884] multiqc                                            [DEBUG  ]  File ignored by vep/vep_txt because it exceeded search pattern filesize limit: 1K_KO_3_dsmin_sort_dedup_select.pairs
[2023-12-31 14:27:43,884] multiqc                                            [DEBUG  ]  File ignored by longranger/invocation because it exceeded search pattern filesize limit: 1K_KO_3_dsmin_sort_dedup_select.pairs
[2023-12-31 14:27:43,884] multiqc                                            [DEBUG  ]  File ignored by rockhopper because it exceeded search pattern filesize limit: 1K_KO_3_dsmin_sort_dedup_select.pairs
[2023-12-31 14:27:43,884] multiqc                                            [DEBUG  ]  File ignored by rseqc/bam_stat because it exceeded search pattern filesize limit: 1K_KO_3_dsmin_sort_dedup_select.pairs
[2023-12-31 14:27:43,884] multiqc                                            [DEBUG  ]  File ignored by rseqc/junction_annotation because it exceeded search pattern filesize limit: 1K_KO_3_dsmin_sort_dedup_select.pairs
[2023-12-31 14:27:43,884] multiqc                                            [DEBUG  ]  File ignored by rseqc/read_distribution because it exceeded search pattern filesize limit: 1K_KO_3_dsmin_sort_dedup_select.pairs
[2023-12-31 14:27:43,884] multiqc                                            [DEBUG  ]  File ignored by rseqc/infer_experiment because it exceeded search pattern filesize limit: 1K_KO_3_dsmin_sort_dedup_select.pairs
[2023-12-31 14:27:43,932] multiqc                                            [DEBUG  ]  File ignored by ccs/v4 because it exceeded search pattern filesize limit: 1K_KO_3_dsmin_sort_dedup.pairs
[2023-12-31 14:27:43,933] multiqc                                            [DEBUG  ]  File ignored by hicexplorer because it exceeded search pattern filesize limit: 1K_KO_3_dsmin_sort_dedup.pairs
[2023-12-31 14:27:43,933] multiqc                                            [DEBUG  ]  File ignored by nanostat because it exceeded search pattern filesize limit: 1K_KO_3_dsmin_sort_dedup.pairs
[2023-12-31 14:27:43,933] multiqc                                            [DEBUG  ]  File ignored by lima/summary because it exceeded search pattern filesize limit: 1K_KO_3_dsmin_sort_dedup.pairs
[2023-12-31 14:27:43,934] multiqc                                            [DEBUG  ]  File ignored by vep/vep_txt because it exceeded search pattern filesize limit: 1K_KO_3_dsmin_sort_dedup.pairs
[2023-12-31 14:27:43,934] multiqc                                            [DEBUG  ]  File ignored by longranger/invocation because it exceeded search pattern filesize limit: 1K_KO_3_dsmin_sort_dedup.pairs
[2023-12-31 14:27:43,934] multiqc                                            [DEBUG  ]  File ignored by rockhopper because it exceeded search pattern filesize limit: 1K_KO_3_dsmin_sort_dedup.pairs
[2023-12-31 14:27:43,934] multiqc                                            [DEBUG  ]  File ignored by rseqc/bam_stat because it exceeded search pattern filesize limit: 1K_KO_3_dsmin_sort_dedup.pairs
[2023-12-31 14:27:43,934] multiqc                                            [DEBUG  ]  File ignored by rseqc/junction_annotation because it exceeded search pattern filesize limit: 1K_KO_3_dsmin_sort_dedup.pairs
[2023-12-31 14:27:43,934] multiqc                                            [DEBUG  ]  File ignored by rseqc/read_distribution because it exceeded search pattern filesize limit: 1K_KO_3_dsmin_sort_dedup.pairs
[2023-12-31 14:27:43,934] multiqc                                            [DEBUG  ]  File ignored by rseqc/infer_experiment because it exceeded search pattern filesize limit: 1K_KO_3_dsmin_sort_dedup.pairs
[2023-12-31 14:27:43,982] multiqc                                            [DEBUG  ]  File ignored by ccs/v4 because it exceeded search pattern filesize limit: 1K_KO_3_dsmin_sort_dedup_rest.pairs
[2023-12-31 14:27:43,982] multiqc                                            [DEBUG  ]  File ignored by hicexplorer because it exceeded search pattern filesize limit: 1K_KO_3_dsmin_sort_dedup_rest.pairs
[2023-12-31 14:27:43,983] multiqc                                            [DEBUG  ]  File ignored by nanostat because it exceeded search pattern filesize limit: 1K_KO_3_dsmin_sort_dedup_rest.pairs
[2023-12-31 14:27:43,983] multiqc                                            [DEBUG  ]  File ignored by lima/summary because it exceeded search pattern filesize limit: 1K_KO_3_dsmin_sort_dedup_rest.pairs
[2023-12-31 14:27:43,984] multiqc                                            [DEBUG  ]  File ignored by longranger/invocation because it exceeded search pattern filesize limit: 1K_KO_3_dsmin_sort_dedup_rest.pairs
[2023-12-31 14:27:43,993] multiqc                                            [DEBUG  ]  File ignored by ccs/v4 because it exceeded search pattern filesize limit: 1K_KO_3_pairtools_parse_stats.txt
[2023-12-31 14:27:43,995] multiqc                                            [DEBUG  ]  File ignored by ccs/v4 because it exceeded search pattern filesize limit: 1K_KO_3_dsmin_sort_removed_duplicates.pairs
[2023-12-31 14:27:43,996] multiqc                                            [DEBUG  ]  File ignored by hicexplorer because it exceeded search pattern filesize limit: 1K_KO_3_dsmin_sort_removed_duplicates.pairs
[2023-12-31 14:27:43,996] multiqc                                            [DEBUG  ]  File ignored by nanostat because it exceeded search pattern filesize limit: 1K_KO_3_dsmin_sort_removed_duplicates.pairs
[2023-12-31 14:27:43,996] multiqc                                            [DEBUG  ]  File ignored by lima/summary because it exceeded search pattern filesize limit: 1K_KO_3_dsmin_sort_removed_duplicates.pairs
[2023-12-31 14:27:43,997] multiqc                                            [DEBUG  ]  File ignored by longranger/invocation because it exceeded search pattern filesize limit: 1K_KO_3_dsmin_sort_removed_duplicates.pairs
[2023-12-31 14:27:44,006] multiqc                                            [DEBUG  ]  File ignored by ccs/v4 because it exceeded search pattern filesize limit: 1K_KO_3_dsmin.pairs
[2023-12-31 14:27:44,007] multiqc                                            [DEBUG  ]  File ignored by hicexplorer because it exceeded search pattern filesize limit: 1K_KO_3_dsmin.pairs
[2023-12-31 14:27:44,007] multiqc                                            [DEBUG  ]  File ignored by nanostat because it exceeded search pattern filesize limit: 1K_KO_3_dsmin.pairs
[2023-12-31 14:27:44,007] multiqc                                            [DEBUG  ]  File ignored by lima/summary because it exceeded search pattern filesize limit: 1K_KO_3_dsmin.pairs
[2023-12-31 14:27:44,009] multiqc                                            [DEBUG  ]  File ignored by vep/vep_html because it exceeded search pattern filesize limit: 1K_KO_3_dsmin.pairs
[2023-12-31 14:27:44,009] multiqc                                            [DEBUG  ]  File ignored by vep/vep_txt because it exceeded search pattern filesize limit: 1K_KO_3_dsmin.pairs
[2023-12-31 14:27:44,009] multiqc                                            [DEBUG  ]  File ignored by longranger/invocation because it exceeded search pattern filesize limit: 1K_KO_3_dsmin.pairs
[2023-12-31 14:27:44,009] multiqc                                            [DEBUG  ]  File ignored by rockhopper because it exceeded search pattern filesize limit: 1K_KO_3_dsmin.pairs
[2023-12-31 14:27:44,009] multiqc                                            [DEBUG  ]  File ignored by rseqc/bam_stat because it exceeded search pattern filesize limit: 1K_KO_3_dsmin.pairs
[2023-12-31 14:27:44,009] multiqc                                            [DEBUG  ]  File ignored by rseqc/junction_annotation because it exceeded search pattern filesize limit: 1K_KO_3_dsmin.pairs
[2023-12-31 14:27:44,009] multiqc                                            [DEBUG  ]  File ignored by rseqc/read_distribution because it exceeded search pattern filesize limit: 1K_KO_3_dsmin.pairs
[2023-12-31 14:27:44,009] multiqc                                            [DEBUG  ]  File ignored by rseqc/infer_experiment because it exceeded search pattern filesize limit: 1K_KO_3_dsmin.pairs
[2023-12-31 14:27:44,010] multiqc                                            [DEBUG  ]  File ignored by stacks/sumstats because it exceeded search pattern filesize limit: 1K_KO_3_dsmin.pairs
[2023-12-31 14:27:44,358] multiqc.plots.bargraph                             [DEBUG  ]  Using matplotlib version 3.6.2
[2023-12-31 14:27:44,358] multiqc.plots.linegraph                            [DEBUG  ]  Using matplotlib version 3.6.2
[2023-12-31 14:27:44,359] multiqc.modules.pairtools.pairtools                [INFO   ]  parsing .stats file: results/1K_KO_1/pairs/1K_KO_1_pairtools_parse_stats.txt
[2023-12-31 14:27:44,360] multiqc.modules.pairtools.pairtools                [INFO   ]  parsing .stats file: results/1K_KO_1/pairs/1K_KO_1_dsmin_sort_dedup_stats.txt
[2023-12-31 14:27:44,362] multiqc.modules.pairtools.pairtools                [INFO   ]  parsing .stats file: results/1K_KO_2/pairs/1K_KO_2_dsmin_sort_dedup_stats.txt
[2023-12-31 14:27:44,363] multiqc.modules.pairtools.pairtools                [INFO   ]  parsing .stats file: results/1K_KO_2/pairs/1K_KO_2_pairtools_parse_stats.txt
[2023-12-31 14:27:44,364] multiqc.modules.pairtools.pairtools                [INFO   ]  parsing .stats file: results/1K_KO_3/pairs/1K_KO_3_dsmin_sort_dedup_stats.txt
[2023-12-31 14:27:44,365] multiqc.modules.pairtools.pairtools                [INFO   ]  parsing .stats file: results/1K_KO_3/pairs/1K_KO_3_pairtools_parse_stats.txt
[2023-12-31 14:27:44,366] multiqc.modules.pairtools.pairtools                [INFO   ]  Found 6 reports
[2023-12-31 14:27:44,388] multiqc                                            [INFO   ]  Compressing plot data
[2023-12-31 14:27:44,417] multiqc                                            [WARNING]  Couldn't export data key 'report.general_stats_data'
[2023-12-31 14:27:44,425] multiqc                                            [WARNING]  Previous MultiQC output found! Adjusting filenames..
[2023-12-31 14:27:44,425] multiqc                                            [WARNING]  Use -f or --force to overwrite existing reports instead
[2023-12-31 14:27:44,425] multiqc                                            [INFO   ]  Report      : results/MERGE_KO/reports/multiqc_report_2.html
[2023-12-31 14:27:44,425] multiqc                                            [INFO   ]  Data        : multiqc_report_data_2
[2023-12-31 14:27:44,425] multiqc                                            [DEBUG  ]  Moving data file from '/tmp/tmpf4rmbc26/multiqc_data' to '/home/groups/ravnica/projects/HiCkory/multiqc_report_data_2'
[2023-12-31 14:27:44,508] multiqc                                            [INFO   ]  MultiQC complete
