WARN [2023-12-31T14:33:09,976]  [Globals.java:138] [main]  Development mode is enabled
Using 1 CPU thread(s)
Start preprocess
Writing header
Writing body
........................................................................................................................................................................
Writing footer

Finished preprocess

Calculating norms for zoom BP_10000000
Calculating norms for zoom BP_5000000
Calculating norms for zoom BP_2500000
Calculating norms for zoom BP_1000000
Calculating norms for zoom BP_500000
Calculating norms for zoom BP_250000
Calculating norms for zoom BP_100000
Calculating norms for zoom BP_50000
Calculating norms for zoom BP_25000
Calculating norms for zoom BP_10000
Calculating norms for zoom BP_5000
Calculating norms for zoom BP_2000
Calculating norms for zoom BP_1000
Finished writing norms
