[2023-12-31 14:27:42,297] multiqc                                            [DEBUG  ]  This is MultiQC v1.12.dev0
[2023-12-31 14:27:42,297] multiqc                                            [DEBUG  ]  No MultiQC config found: /home/groups/ravnica/env/hic/lib/python3.9/site-packages/multiqc_config.yaml
[2023-12-31 14:27:42,297] multiqc                                            [DEBUG  ]  No MultiQC config found: /home/users/skubi/.multiqc_config.yaml
[2023-12-31 14:27:42,297] multiqc                                            [DEBUG  ]  No MultiQC config found: multiqc_config.yaml
[2023-12-31 14:27:42,297] multiqc                                            [DEBUG  ]  Command used: /home/groups/ravnica/env/hic/bin/multiqc -n results/MERGE_Mock/reports/multiqc_report.html results/1K_Mock_3/pairs results/1K_Mock_2/pairs results/1K_Mock_1/pairs
[2023-12-31 14:27:42,585] multiqc                                            [WARNING]  MultiQC Version v1.19 now available!
[2023-12-31 14:27:42,585] multiqc                                            [DEBUG  ]  Command     : /home/groups/ravnica/env/hic/bin/multiqc -n results/MERGE_Mock/reports/multiqc_report.html results/1K_Mock_3/pairs results/1K_Mock_2/pairs results/1K_Mock_1/pairs
[2023-12-31 14:27:42,585] multiqc                                            [DEBUG  ]  Working dir : /home/groups/ravnica/projects/HiCkory
[2023-12-31 14:27:42,585] multiqc                                            [DEBUG  ]  Template    : default
[2023-12-31 14:27:42,586] multiqc                                            [DEBUG  ]  Running Python 3.9.14 | packaged by conda-forge | (main, Nov 21 2022, 13:19:30)  [GCC 10.4.0]
[2023-12-31 14:27:42,586] multiqc                                            [DEBUG  ]  Analysing modules: custom_content, ccs, ngsderive, purple, conpair, lima, peddy, somalier, methylQA, mosdepth, phantompeakqualtools, qualimap, preseq, quast, qorts, rna_seqc, rockhopper, rsem, rseqc, busco, bustools, goleft_indexcov, gffcompare, disambiguate, supernova, deeptools, sargasso, verifybamid, mirtrace, happy, mirtop, sambamba, homer, hops, macs2, theta2, snpeff, gatk, htseq, bcftools, featureCounts, fgbio, dragen, dedup, damageprofiler, biobambam2, jcvi, mtnucratio, picard, vep, sentieon, prokka, qc3C, nanostat, samblaster, samtools, sexdeterrmine, eigenstratdatabasetools, bamtools, jellyfish, vcftools, longranger, stacks, varscan2, snippy, bbmap, bismark, biscuit, hicexplorer, hicup, pairtools, hicpro, salmon, kallisto, slamdunk, star, hisat2, tophat, bowtie2, bowtie1, snpsplit, odgi, pangolin, kat, leehom, adapterRemoval, clipandmerge, cutadapt, flexbar, kaiju, kraken, malt, trimmomatic, sickle, skewer, sortmerna, biobloomtools, fastq_screen, afterqc, fastp, fastqc, pychopper, pycoqc, minionqc, multivcfanalyzer, clusterflow, bcl2fastq, bclconvert, interop, ivar, flash, seqyclean, optitype
[2023-12-31 14:27:42,587] multiqc                                            [DEBUG  ]  Using temporary directory for creating report: /tmp/tmpcvwy1bu_
[2023-12-31 14:27:42,912] multiqc                                            [INFO   ]  Search path : /home/groups/ravnica/projects/HiCkory/results/1K_Mock_3/pairs
[2023-12-31 14:27:42,912] multiqc                                            [INFO   ]  Search path : /home/groups/ravnica/projects/HiCkory/results/1K_Mock_2/pairs
[2023-12-31 14:27:42,912] multiqc                                            [INFO   ]  Search path : /home/groups/ravnica/projects/HiCkory/results/1K_Mock_1/pairs
[2023-12-31 14:27:42,939] multiqc                                            [DEBUG  ]  File ignored by ccs/v4 because it exceeded search pattern filesize limit: 1K_Mock_3_dsmin.pairs
[2023-12-31 14:27:42,940] multiqc                                            [DEBUG  ]  File ignored by hicexplorer because it exceeded search pattern filesize limit: 1K_Mock_3_dsmin.pairs
[2023-12-31 14:27:42,941] multiqc                                            [DEBUG  ]  File ignored by nanostat because it exceeded search pattern filesize limit: 1K_Mock_3_dsmin.pairs
[2023-12-31 14:27:42,941] multiqc                                            [DEBUG  ]  File ignored by lima/summary because it exceeded search pattern filesize limit: 1K_Mock_3_dsmin.pairs
[2023-12-31 14:27:42,944] multiqc                                            [DEBUG  ]  File ignored by vep/vep_html because it exceeded search pattern filesize limit: 1K_Mock_3_dsmin.pairs
[2023-12-31 14:27:42,944] multiqc                                            [DEBUG  ]  File ignored by vep/vep_txt because it exceeded search pattern filesize limit: 1K_Mock_3_dsmin.pairs
[2023-12-31 14:27:42,944] multiqc                                            [DEBUG  ]  File ignored by longranger/invocation because it exceeded search pattern filesize limit: 1K_Mock_3_dsmin.pairs
[2023-12-31 14:27:42,944] multiqc                                            [DEBUG  ]  File ignored by rockhopper because it exceeded search pattern filesize limit: 1K_Mock_3_dsmin.pairs
[2023-12-31 14:27:42,944] multiqc                                            [DEBUG  ]  File ignored by rseqc/bam_stat because it exceeded search pattern filesize limit: 1K_Mock_3_dsmin.pairs
[2023-12-31 14:27:42,944] multiqc                                            [DEBUG  ]  File ignored by rseqc/junction_annotation because it exceeded search pattern filesize limit: 1K_Mock_3_dsmin.pairs
[2023-12-31 14:27:42,944] multiqc                                            [DEBUG  ]  File ignored by rseqc/read_distribution because it exceeded search pattern filesize limit: 1K_Mock_3_dsmin.pairs
[2023-12-31 14:27:42,944] multiqc                                            [DEBUG  ]  File ignored by rseqc/infer_experiment because it exceeded search pattern filesize limit: 1K_Mock_3_dsmin.pairs
[2023-12-31 14:27:42,946] multiqc                                            [DEBUG  ]  File ignored by stacks/sumstats because it exceeded search pattern filesize limit: 1K_Mock_3_dsmin.pairs
[2023-12-31 14:27:43,022] multiqc                                            [DEBUG  ]  File ignored by ccs/v4 because it exceeded search pattern filesize limit: 1K_Mock_3_dsmin_sort_dedup_stats.txt
[2023-12-31 14:27:43,026] multiqc                                            [DEBUG  ]  File ignored by ccs/v4 because it exceeded search pattern filesize limit: 1K_Mock_3_dsmin_sort_dedup_select.pairs
[2023-12-31 14:27:43,026] multiqc                                            [DEBUG  ]  File ignored by hicexplorer because it exceeded search pattern filesize limit: 1K_Mock_3_dsmin_sort_dedup_select.pairs
[2023-12-31 14:27:43,027] multiqc                                            [DEBUG  ]  File ignored by nanostat because it exceeded search pattern filesize limit: 1K_Mock_3_dsmin_sort_dedup_select.pairs
[2023-12-31 14:27:43,027] multiqc                                            [DEBUG  ]  File ignored by lima/summary because it exceeded search pattern filesize limit: 1K_Mock_3_dsmin_sort_dedup_select.pairs
[2023-12-31 14:27:43,028] multiqc                                            [DEBUG  ]  File ignored by vep/vep_txt because it exceeded search pattern filesize limit: 1K_Mock_3_dsmin_sort_dedup_select.pairs
[2023-12-31 14:27:43,028] multiqc                                            [DEBUG  ]  File ignored by longranger/invocation because it exceeded search pattern filesize limit: 1K_Mock_3_dsmin_sort_dedup_select.pairs
[2023-12-31 14:27:43,028] multiqc                                            [DEBUG  ]  File ignored by rockhopper because it exceeded search pattern filesize limit: 1K_Mock_3_dsmin_sort_dedup_select.pairs
[2023-12-31 14:27:43,028] multiqc                                            [DEBUG  ]  File ignored by rseqc/bam_stat because it exceeded search pattern filesize limit: 1K_Mock_3_dsmin_sort_dedup_select.pairs
[2023-12-31 14:27:43,028] multiqc                                            [DEBUG  ]  File ignored by rseqc/junction_annotation because it exceeded search pattern filesize limit: 1K_Mock_3_dsmin_sort_dedup_select.pairs
[2023-12-31 14:27:43,028] multiqc                                            [DEBUG  ]  File ignored by rseqc/read_distribution because it exceeded search pattern filesize limit: 1K_Mock_3_dsmin_sort_dedup_select.pairs
[2023-12-31 14:27:43,028] multiqc                                            [DEBUG  ]  File ignored by rseqc/infer_experiment because it exceeded search pattern filesize limit: 1K_Mock_3_dsmin_sort_dedup_select.pairs
[2023-12-31 14:27:43,082] multiqc                                            [DEBUG  ]  File ignored by ccs/v4 because it exceeded search pattern filesize limit: 1K_Mock_3_pairtools_parse_stats.txt
[2023-12-31 14:27:43,086] multiqc                                            [DEBUG  ]  File ignored by ccs/v4 because it exceeded search pattern filesize limit: 1K_Mock_3_dsmin_sort_dedup_rest.pairs
[2023-12-31 14:27:43,087] multiqc                                            [DEBUG  ]  File ignored by hicexplorer because it exceeded search pattern filesize limit: 1K_Mock_3_dsmin_sort_dedup_rest.pairs
[2023-12-31 14:27:43,087] multiqc                                            [DEBUG  ]  File ignored by nanostat because it exceeded search pattern filesize limit: 1K_Mock_3_dsmin_sort_dedup_rest.pairs
[2023-12-31 14:27:43,087] multiqc                                            [DEBUG  ]  File ignored by lima/summary because it exceeded search pattern filesize limit: 1K_Mock_3_dsmin_sort_dedup_rest.pairs
[2023-12-31 14:27:43,088] multiqc                                            [DEBUG  ]  File ignored by longranger/invocation because it exceeded search pattern filesize limit: 1K_Mock_3_dsmin_sort_dedup_rest.pairs
[2023-12-31 14:27:43,100] multiqc                                            [DEBUG  ]  File ignored by ccs/v4 because it exceeded search pattern filesize limit: 1K_Mock_3_dsmin_sort_removed_duplicates.pairs
[2023-12-31 14:27:43,101] multiqc                                            [DEBUG  ]  File ignored by hicexplorer because it exceeded search pattern filesize limit: 1K_Mock_3_dsmin_sort_removed_duplicates.pairs
[2023-12-31 14:27:43,101] multiqc                                            [DEBUG  ]  File ignored by nanostat because it exceeded search pattern filesize limit: 1K_Mock_3_dsmin_sort_removed_duplicates.pairs
[2023-12-31 14:27:43,101] multiqc                                            [DEBUG  ]  File ignored by lima/summary because it exceeded search pattern filesize limit: 1K_Mock_3_dsmin_sort_removed_duplicates.pairs
[2023-12-31 14:27:43,102] multiqc                                            [DEBUG  ]  File ignored by longranger/invocation because it exceeded search pattern filesize limit: 1K_Mock_3_dsmin_sort_removed_duplicates.pairs
[2023-12-31 14:27:43,115] multiqc                                            [DEBUG  ]  File ignored by ccs/v4 because it exceeded search pattern filesize limit: 1K_Mock_3_dsmin_sort.pairs
[2023-12-31 14:27:43,116] multiqc                                            [DEBUG  ]  File ignored by hicexplorer because it exceeded search pattern filesize limit: 1K_Mock_3_dsmin_sort.pairs
[2023-12-31 14:27:43,116] multiqc                                            [DEBUG  ]  File ignored by nanostat because it exceeded search pattern filesize limit: 1K_Mock_3_dsmin_sort.pairs
[2023-12-31 14:27:43,116] multiqc                                            [DEBUG  ]  File ignored by lima/summary because it exceeded search pattern filesize limit: 1K_Mock_3_dsmin_sort.pairs
[2023-12-31 14:27:43,117] multiqc                                            [DEBUG  ]  File ignored by vep/vep_html because it exceeded search pattern filesize limit: 1K_Mock_3_dsmin_sort.pairs
[2023-12-31 14:27:43,117] multiqc                                            [DEBUG  ]  File ignored by vep/vep_txt because it exceeded search pattern filesize limit: 1K_Mock_3_dsmin_sort.pairs
[2023-12-31 14:27:43,117] multiqc                                            [DEBUG  ]  File ignored by longranger/invocation because it exceeded search pattern filesize limit: 1K_Mock_3_dsmin_sort.pairs
[2023-12-31 14:27:43,117] multiqc                                            [DEBUG  ]  File ignored by rockhopper because it exceeded search pattern filesize limit: 1K_Mock_3_dsmin_sort.pairs
[2023-12-31 14:27:43,117] multiqc                                            [DEBUG  ]  File ignored by rseqc/bam_stat because it exceeded search pattern filesize limit: 1K_Mock_3_dsmin_sort.pairs
[2023-12-31 14:27:43,117] multiqc                                            [DEBUG  ]  File ignored by rseqc/junction_annotation because it exceeded search pattern filesize limit: 1K_Mock_3_dsmin_sort.pairs
[2023-12-31 14:27:43,117] multiqc                                            [DEBUG  ]  File ignored by rseqc/read_distribution because it exceeded search pattern filesize limit: 1K_Mock_3_dsmin_sort.pairs
[2023-12-31 14:27:43,117] multiqc                                            [DEBUG  ]  File ignored by rseqc/infer_experiment because it exceeded search pattern filesize limit: 1K_Mock_3_dsmin_sort.pairs
[2023-12-31 14:27:43,119] multiqc                                            [DEBUG  ]  File ignored by stacks/sumstats because it exceeded search pattern filesize limit: 1K_Mock_3_dsmin_sort.pairs
[2023-12-31 14:27:43,190] multiqc                                            [DEBUG  ]  File ignored by ccs/v4 because it exceeded search pattern filesize limit: 1K_Mock_3_dsmin_sort_dedup.pairs
[2023-12-31 14:27:43,191] multiqc                                            [DEBUG  ]  File ignored by hicexplorer because it exceeded search pattern filesize limit: 1K_Mock_3_dsmin_sort_dedup.pairs
[2023-12-31 14:27:43,191] multiqc                                            [DEBUG  ]  File ignored by nanostat because it exceeded search pattern filesize limit: 1K_Mock_3_dsmin_sort_dedup.pairs
[2023-12-31 14:27:43,192] multiqc                                            [DEBUG  ]  File ignored by lima/summary because it exceeded search pattern filesize limit: 1K_Mock_3_dsmin_sort_dedup.pairs
[2023-12-31 14:27:43,193] multiqc                                            [DEBUG  ]  File ignored by vep/vep_txt because it exceeded search pattern filesize limit: 1K_Mock_3_dsmin_sort_dedup.pairs
[2023-12-31 14:27:43,193] multiqc                                            [DEBUG  ]  File ignored by longranger/invocation because it exceeded search pattern filesize limit: 1K_Mock_3_dsmin_sort_dedup.pairs
[2023-12-31 14:27:43,193] multiqc                                            [DEBUG  ]  File ignored by rockhopper because it exceeded search pattern filesize limit: 1K_Mock_3_dsmin_sort_dedup.pairs
[2023-12-31 14:27:43,193] multiqc                                            [DEBUG  ]  File ignored by rseqc/bam_stat because it exceeded search pattern filesize limit: 1K_Mock_3_dsmin_sort_dedup.pairs
[2023-12-31 14:27:43,193] multiqc                                            [DEBUG  ]  File ignored by rseqc/junction_annotation because it exceeded search pattern filesize limit: 1K_Mock_3_dsmin_sort_dedup.pairs
[2023-12-31 14:27:43,193] multiqc                                            [DEBUG  ]  File ignored by rseqc/read_distribution because it exceeded search pattern filesize limit: 1K_Mock_3_dsmin_sort_dedup.pairs
[2023-12-31 14:27:43,193] multiqc                                            [DEBUG  ]  File ignored by rseqc/infer_experiment because it exceeded search pattern filesize limit: 1K_Mock_3_dsmin_sort_dedup.pairs
[2023-12-31 14:27:43,245] multiqc                                            [DEBUG  ]  File ignored by ccs/v4 because it exceeded search pattern filesize limit: 1K_Mock_3.pairs
[2023-12-31 14:27:43,246] multiqc                                            [DEBUG  ]  File ignored by hicexplorer because it exceeded search pattern filesize limit: 1K_Mock_3.pairs
[2023-12-31 14:27:43,246] multiqc                                            [DEBUG  ]  File ignored by nanostat because it exceeded search pattern filesize limit: 1K_Mock_3.pairs
[2023-12-31 14:27:43,246] multiqc                                            [DEBUG  ]  File ignored by lima/summary because it exceeded search pattern filesize limit: 1K_Mock_3.pairs
[2023-12-31 14:27:43,247] multiqc                                            [DEBUG  ]  File ignored by vep/vep_html because it exceeded search pattern filesize limit: 1K_Mock_3.pairs
[2023-12-31 14:27:43,247] multiqc                                            [DEBUG  ]  File ignored by vep/vep_txt because it exceeded search pattern filesize limit: 1K_Mock_3.pairs
[2023-12-31 14:27:43,247] multiqc                                            [DEBUG  ]  File ignored by longranger/invocation because it exceeded search pattern filesize limit: 1K_Mock_3.pairs
[2023-12-31 14:27:43,247] multiqc                                            [DEBUG  ]  File ignored by rockhopper because it exceeded search pattern filesize limit: 1K_Mock_3.pairs
[2023-12-31 14:27:43,247] multiqc                                            [DEBUG  ]  File ignored by rseqc/bam_stat because it exceeded search pattern filesize limit: 1K_Mock_3.pairs
[2023-12-31 14:27:43,247] multiqc                                            [DEBUG  ]  File ignored by rseqc/junction_annotation because it exceeded search pattern filesize limit: 1K_Mock_3.pairs
[2023-12-31 14:27:43,247] multiqc                                            [DEBUG  ]  File ignored by rseqc/read_distribution because it exceeded search pattern filesize limit: 1K_Mock_3.pairs
[2023-12-31 14:27:43,247] multiqc                                            [DEBUG  ]  File ignored by rseqc/infer_experiment because it exceeded search pattern filesize limit: 1K_Mock_3.pairs
[2023-12-31 14:27:43,249] multiqc                                            [DEBUG  ]  File ignored by stacks/sumstats because it exceeded search pattern filesize limit: 1K_Mock_3.pairs
[2023-12-31 14:27:43,322] multiqc                                            [DEBUG  ]  File ignored by ccs/v4 because it exceeded search pattern filesize limit: 1K_Mock_2_dsmin_sort.pairs
[2023-12-31 14:27:43,323] multiqc                                            [DEBUG  ]  File ignored by hicexplorer because it exceeded search pattern filesize limit: 1K_Mock_2_dsmin_sort.pairs
[2023-12-31 14:27:43,323] multiqc                                            [DEBUG  ]  File ignored by nanostat because it exceeded search pattern filesize limit: 1K_Mock_2_dsmin_sort.pairs
[2023-12-31 14:27:43,323] multiqc                                            [DEBUG  ]  File ignored by lima/summary because it exceeded search pattern filesize limit: 1K_Mock_2_dsmin_sort.pairs
[2023-12-31 14:27:43,325] multiqc                                            [DEBUG  ]  File ignored by vep/vep_html because it exceeded search pattern filesize limit: 1K_Mock_2_dsmin_sort.pairs
[2023-12-31 14:27:43,325] multiqc                                            [DEBUG  ]  File ignored by vep/vep_txt because it exceeded search pattern filesize limit: 1K_Mock_2_dsmin_sort.pairs
[2023-12-31 14:27:43,325] multiqc                                            [DEBUG  ]  File ignored by longranger/invocation because it exceeded search pattern filesize limit: 1K_Mock_2_dsmin_sort.pairs
[2023-12-31 14:27:43,325] multiqc                                            [DEBUG  ]  File ignored by rockhopper because it exceeded search pattern filesize limit: 1K_Mock_2_dsmin_sort.pairs
[2023-12-31 14:27:43,325] multiqc                                            [DEBUG  ]  File ignored by rseqc/bam_stat because it exceeded search pattern filesize limit: 1K_Mock_2_dsmin_sort.pairs
[2023-12-31 14:27:43,325] multiqc                                            [DEBUG  ]  File ignored by rseqc/junction_annotation because it exceeded search pattern filesize limit: 1K_Mock_2_dsmin_sort.pairs
[2023-12-31 14:27:43,325] multiqc                                            [DEBUG  ]  File ignored by rseqc/read_distribution because it exceeded search pattern filesize limit: 1K_Mock_2_dsmin_sort.pairs
[2023-12-31 14:27:43,325] multiqc                                            [DEBUG  ]  File ignored by rseqc/infer_experiment because it exceeded search pattern filesize limit: 1K_Mock_2_dsmin_sort.pairs
[2023-12-31 14:27:43,326] multiqc                                            [DEBUG  ]  File ignored by stacks/sumstats because it exceeded search pattern filesize limit: 1K_Mock_2_dsmin_sort.pairs
[2023-12-31 14:27:43,395] multiqc                                            [DEBUG  ]  File ignored by ccs/v4 because it exceeded search pattern filesize limit: 1K_Mock_2_dsmin_sort_dedup_stats.txt
[2023-12-31 14:27:43,397] multiqc                                            [DEBUG  ]  File ignored by ccs/v4 because it exceeded search pattern filesize limit: 1K_Mock_2_dsmin.pairs
[2023-12-31 14:27:43,398] multiqc                                            [DEBUG  ]  File ignored by hicexplorer because it exceeded search pattern filesize limit: 1K_Mock_2_dsmin.pairs
[2023-12-31 14:27:43,398] multiqc                                            [DEBUG  ]  File ignored by nanostat because it exceeded search pattern filesize limit: 1K_Mock_2_dsmin.pairs
[2023-12-31 14:27:43,398] multiqc                                            [DEBUG  ]  File ignored by lima/summary because it exceeded search pattern filesize limit: 1K_Mock_2_dsmin.pairs
[2023-12-31 14:27:43,399] multiqc                                            [DEBUG  ]  File ignored by vep/vep_html because it exceeded search pattern filesize limit: 1K_Mock_2_dsmin.pairs
[2023-12-31 14:27:43,399] multiqc                                            [DEBUG  ]  File ignored by vep/vep_txt because it exceeded search pattern filesize limit: 1K_Mock_2_dsmin.pairs
[2023-12-31 14:27:43,399] multiqc                                            [DEBUG  ]  File ignored by longranger/invocation because it exceeded search pattern filesize limit: 1K_Mock_2_dsmin.pairs
[2023-12-31 14:27:43,399] multiqc                                            [DEBUG  ]  File ignored by rockhopper because it exceeded search pattern filesize limit: 1K_Mock_2_dsmin.pairs
[2023-12-31 14:27:43,399] multiqc                                            [DEBUG  ]  File ignored by rseqc/bam_stat because it exceeded search pattern filesize limit: 1K_Mock_2_dsmin.pairs
[2023-12-31 14:27:43,399] multiqc                                            [DEBUG  ]  File ignored by rseqc/junction_annotation because it exceeded search pattern filesize limit: 1K_Mock_2_dsmin.pairs
[2023-12-31 14:27:43,399] multiqc                                            [DEBUG  ]  File ignored by rseqc/read_distribution because it exceeded search pattern filesize limit: 1K_Mock_2_dsmin.pairs
[2023-12-31 14:27:43,399] multiqc                                            [DEBUG  ]  File ignored by rseqc/infer_experiment because it exceeded search pattern filesize limit: 1K_Mock_2_dsmin.pairs
[2023-12-31 14:27:43,401] multiqc                                            [DEBUG  ]  File ignored by stacks/sumstats because it exceeded search pattern filesize limit: 1K_Mock_2_dsmin.pairs
[2023-12-31 14:27:43,457] multiqc                                            [DEBUG  ]  File ignored by ccs/v4 because it exceeded search pattern filesize limit: 1K_Mock_2_pairtools_parse_stats.txt
[2023-12-31 14:27:43,459] multiqc                                            [DEBUG  ]  File ignored by ccs/v4 because it exceeded search pattern filesize limit: 1K_Mock_2.pairs
[2023-12-31 14:27:43,460] multiqc                                            [DEBUG  ]  File ignored by hicexplorer because it exceeded search pattern filesize limit: 1K_Mock_2.pairs
[2023-12-31 14:27:43,460] multiqc                                            [DEBUG  ]  File ignored by nanostat because it exceeded search pattern filesize limit: 1K_Mock_2.pairs
[2023-12-31 14:27:43,460] multiqc                                            [DEBUG  ]  File ignored by lima/summary because it exceeded search pattern filesize limit: 1K_Mock_2.pairs
[2023-12-31 14:27:43,461] multiqc                                            [DEBUG  ]  File ignored by vep/vep_html because it exceeded search pattern filesize limit: 1K_Mock_2.pairs
[2023-12-31 14:27:43,461] multiqc                                            [DEBUG  ]  File ignored by vep/vep_txt because it exceeded search pattern filesize limit: 1K_Mock_2.pairs
[2023-12-31 14:27:43,461] multiqc                                            [DEBUG  ]  File ignored by longranger/invocation because it exceeded search pattern filesize limit: 1K_Mock_2.pairs
[2023-12-31 14:27:43,461] multiqc                                            [DEBUG  ]  File ignored by rockhopper because it exceeded search pattern filesize limit: 1K_Mock_2.pairs
[2023-12-31 14:27:43,461] multiqc                                            [DEBUG  ]  File ignored by rseqc/bam_stat because it exceeded search pattern filesize limit: 1K_Mock_2.pairs
[2023-12-31 14:27:43,461] multiqc                                            [DEBUG  ]  File ignored by rseqc/junction_annotation because it exceeded search pattern filesize limit: 1K_Mock_2.pairs
[2023-12-31 14:27:43,461] multiqc                                            [DEBUG  ]  File ignored by rseqc/read_distribution because it exceeded search pattern filesize limit: 1K_Mock_2.pairs
[2023-12-31 14:27:43,461] multiqc                                            [DEBUG  ]  File ignored by rseqc/infer_experiment because it exceeded search pattern filesize limit: 1K_Mock_2.pairs
[2023-12-31 14:27:43,462] multiqc                                            [DEBUG  ]  File ignored by stacks/sumstats because it exceeded search pattern filesize limit: 1K_Mock_2.pairs
[2023-12-31 14:27:43,517] multiqc                                            [DEBUG  ]  File ignored by ccs/v4 because it exceeded search pattern filesize limit: 1K_Mock_2_dsmin_sort_dedup_select.pairs
[2023-12-31 14:27:43,517] multiqc                                            [DEBUG  ]  File ignored by hicexplorer because it exceeded search pattern filesize limit: 1K_Mock_2_dsmin_sort_dedup_select.pairs
[2023-12-31 14:27:43,517] multiqc                                            [DEBUG  ]  File ignored by nanostat because it exceeded search pattern filesize limit: 1K_Mock_2_dsmin_sort_dedup_select.pairs
[2023-12-31 14:27:43,517] multiqc                                            [DEBUG  ]  File ignored by lima/summary because it exceeded search pattern filesize limit: 1K_Mock_2_dsmin_sort_dedup_select.pairs
[2023-12-31 14:27:43,519] multiqc                                            [DEBUG  ]  File ignored by vep/vep_txt because it exceeded search pattern filesize limit: 1K_Mock_2_dsmin_sort_dedup_select.pairs
[2023-12-31 14:27:43,519] multiqc                                            [DEBUG  ]  File ignored by longranger/invocation because it exceeded search pattern filesize limit: 1K_Mock_2_dsmin_sort_dedup_select.pairs
[2023-12-31 14:27:43,519] multiqc                                            [DEBUG  ]  File ignored by rockhopper because it exceeded search pattern filesize limit: 1K_Mock_2_dsmin_sort_dedup_select.pairs
[2023-12-31 14:27:43,519] multiqc                                            [DEBUG  ]  File ignored by rseqc/bam_stat because it exceeded search pattern filesize limit: 1K_Mock_2_dsmin_sort_dedup_select.pairs
[2023-12-31 14:27:43,519] multiqc                                            [DEBUG  ]  File ignored by rseqc/junction_annotation because it exceeded search pattern filesize limit: 1K_Mock_2_dsmin_sort_dedup_select.pairs
[2023-12-31 14:27:43,519] multiqc                                            [DEBUG  ]  File ignored by rseqc/read_distribution because it exceeded search pattern filesize limit: 1K_Mock_2_dsmin_sort_dedup_select.pairs
[2023-12-31 14:27:43,519] multiqc                                            [DEBUG  ]  File ignored by rseqc/infer_experiment because it exceeded search pattern filesize limit: 1K_Mock_2_dsmin_sort_dedup_select.pairs
[2023-12-31 14:27:43,560] multiqc                                            [DEBUG  ]  File ignored by ccs/v4 because it exceeded search pattern filesize limit: 1K_Mock_2_dsmin_sort_dedup.pairs
[2023-12-31 14:27:43,560] multiqc                                            [DEBUG  ]  File ignored by hicexplorer because it exceeded search pattern filesize limit: 1K_Mock_2_dsmin_sort_dedup.pairs
[2023-12-31 14:27:43,561] multiqc                                            [DEBUG  ]  File ignored by nanostat because it exceeded search pattern filesize limit: 1K_Mock_2_dsmin_sort_dedup.pairs
[2023-12-31 14:27:43,561] multiqc                                            [DEBUG  ]  File ignored by lima/summary because it exceeded search pattern filesize limit: 1K_Mock_2_dsmin_sort_dedup.pairs
[2023-12-31 14:27:43,562] multiqc                                            [DEBUG  ]  File ignored by vep/vep_txt because it exceeded search pattern filesize limit: 1K_Mock_2_dsmin_sort_dedup.pairs
[2023-12-31 14:27:43,562] multiqc                                            [DEBUG  ]  File ignored by longranger/invocation because it exceeded search pattern filesize limit: 1K_Mock_2_dsmin_sort_dedup.pairs
[2023-12-31 14:27:43,562] multiqc                                            [DEBUG  ]  File ignored by rockhopper because it exceeded search pattern filesize limit: 1K_Mock_2_dsmin_sort_dedup.pairs
[2023-12-31 14:27:43,562] multiqc                                            [DEBUG  ]  File ignored by rseqc/bam_stat because it exceeded search pattern filesize limit: 1K_Mock_2_dsmin_sort_dedup.pairs
[2023-12-31 14:27:43,562] multiqc                                            [DEBUG  ]  File ignored by rseqc/junction_annotation because it exceeded search pattern filesize limit: 1K_Mock_2_dsmin_sort_dedup.pairs
[2023-12-31 14:27:43,562] multiqc                                            [DEBUG  ]  File ignored by rseqc/read_distribution because it exceeded search pattern filesize limit: 1K_Mock_2_dsmin_sort_dedup.pairs
[2023-12-31 14:27:43,562] multiqc                                            [DEBUG  ]  File ignored by rseqc/infer_experiment because it exceeded search pattern filesize limit: 1K_Mock_2_dsmin_sort_dedup.pairs
[2023-12-31 14:27:43,602] multiqc                                            [DEBUG  ]  File ignored by ccs/v4 because it exceeded search pattern filesize limit: 1K_Mock_2_dsmin_sort_dedup_rest.pairs
[2023-12-31 14:27:43,603] multiqc                                            [DEBUG  ]  File ignored by hicexplorer because it exceeded search pattern filesize limit: 1K_Mock_2_dsmin_sort_dedup_rest.pairs
[2023-12-31 14:27:43,603] multiqc                                            [DEBUG  ]  File ignored by nanostat because it exceeded search pattern filesize limit: 1K_Mock_2_dsmin_sort_dedup_rest.pairs
[2023-12-31 14:27:43,603] multiqc                                            [DEBUG  ]  File ignored by lima/summary because it exceeded search pattern filesize limit: 1K_Mock_2_dsmin_sort_dedup_rest.pairs
[2023-12-31 14:27:43,604] multiqc                                            [DEBUG  ]  File ignored by longranger/invocation because it exceeded search pattern filesize limit: 1K_Mock_2_dsmin_sort_dedup_rest.pairs
[2023-12-31 14:27:43,612] multiqc                                            [DEBUG  ]  File ignored by ccs/v4 because it exceeded search pattern filesize limit: 1K_Mock_2_dsmin_sort_removed_duplicates.pairs
[2023-12-31 14:27:43,612] multiqc                                            [DEBUG  ]  File ignored by hicexplorer because it exceeded search pattern filesize limit: 1K_Mock_2_dsmin_sort_removed_duplicates.pairs
[2023-12-31 14:27:43,612] multiqc                                            [DEBUG  ]  File ignored by nanostat because it exceeded search pattern filesize limit: 1K_Mock_2_dsmin_sort_removed_duplicates.pairs
[2023-12-31 14:27:43,613] multiqc                                            [DEBUG  ]  File ignored by lima/summary because it exceeded search pattern filesize limit: 1K_Mock_2_dsmin_sort_removed_duplicates.pairs
[2023-12-31 14:27:43,614] multiqc                                            [DEBUG  ]  File ignored by longranger/invocation because it exceeded search pattern filesize limit: 1K_Mock_2_dsmin_sort_removed_duplicates.pairs
[2023-12-31 14:27:43,622] multiqc                                            [DEBUG  ]  File ignored by ccs/v4 because it exceeded search pattern filesize limit: 1K_Mock_1.pairs
[2023-12-31 14:27:43,622] multiqc                                            [DEBUG  ]  File ignored by hicexplorer because it exceeded search pattern filesize limit: 1K_Mock_1.pairs
[2023-12-31 14:27:43,622] multiqc                                            [DEBUG  ]  File ignored by nanostat because it exceeded search pattern filesize limit: 1K_Mock_1.pairs
[2023-12-31 14:27:43,622] multiqc                                            [DEBUG  ]  File ignored by lima/summary because it exceeded search pattern filesize limit: 1K_Mock_1.pairs
[2023-12-31 14:27:43,624] multiqc                                            [DEBUG  ]  File ignored by vep/vep_html because it exceeded search pattern filesize limit: 1K_Mock_1.pairs
[2023-12-31 14:27:43,624] multiqc                                            [DEBUG  ]  File ignored by vep/vep_txt because it exceeded search pattern filesize limit: 1K_Mock_1.pairs
[2023-12-31 14:27:43,624] multiqc                                            [DEBUG  ]  File ignored by longranger/invocation because it exceeded search pattern filesize limit: 1K_Mock_1.pairs
[2023-12-31 14:27:43,624] multiqc                                            [DEBUG  ]  File ignored by rockhopper because it exceeded search pattern filesize limit: 1K_Mock_1.pairs
[2023-12-31 14:27:43,624] multiqc                                            [DEBUG  ]  File ignored by rseqc/bam_stat because it exceeded search pattern filesize limit: 1K_Mock_1.pairs
[2023-12-31 14:27:43,624] multiqc                                            [DEBUG  ]  File ignored by rseqc/junction_annotation because it exceeded search pattern filesize limit: 1K_Mock_1.pairs
[2023-12-31 14:27:43,624] multiqc                                            [DEBUG  ]  File ignored by rseqc/read_distribution because it exceeded search pattern filesize limit: 1K_Mock_1.pairs
[2023-12-31 14:27:43,624] multiqc                                            [DEBUG  ]  File ignored by rseqc/infer_experiment because it exceeded search pattern filesize limit: 1K_Mock_1.pairs
[2023-12-31 14:27:43,625] multiqc                                            [DEBUG  ]  File ignored by stacks/sumstats because it exceeded search pattern filesize limit: 1K_Mock_1.pairs
[2023-12-31 14:27:43,677] multiqc                                            [DEBUG  ]  File ignored by ccs/v4 because it exceeded search pattern filesize limit: 1K_Mock_1_dsmin_sort_dedup_stats.txt
[2023-12-31 14:27:43,679] multiqc                                            [DEBUG  ]  File ignored by ccs/v4 because it exceeded search pattern filesize limit: 1K_Mock_1_dsmin_sort_dedup.pairs
[2023-12-31 14:27:43,680] multiqc                                            [DEBUG  ]  File ignored by hicexplorer because it exceeded search pattern filesize limit: 1K_Mock_1_dsmin_sort_dedup.pairs
[2023-12-31 14:27:43,680] multiqc                                            [DEBUG  ]  File ignored by nanostat because it exceeded search pattern filesize limit: 1K_Mock_1_dsmin_sort_dedup.pairs
[2023-12-31 14:27:43,680] multiqc                                            [DEBUG  ]  File ignored by lima/summary because it exceeded search pattern filesize limit: 1K_Mock_1_dsmin_sort_dedup.pairs
[2023-12-31 14:27:43,681] multiqc                                            [DEBUG  ]  File ignored by vep/vep_txt because it exceeded search pattern filesize limit: 1K_Mock_1_dsmin_sort_dedup.pairs
[2023-12-31 14:27:43,681] multiqc                                            [DEBUG  ]  File ignored by longranger/invocation because it exceeded search pattern filesize limit: 1K_Mock_1_dsmin_sort_dedup.pairs
[2023-12-31 14:27:43,681] multiqc                                            [DEBUG  ]  File ignored by rockhopper because it exceeded search pattern filesize limit: 1K_Mock_1_dsmin_sort_dedup.pairs
[2023-12-31 14:27:43,681] multiqc                                            [DEBUG  ]  File ignored by rseqc/bam_stat because it exceeded search pattern filesize limit: 1K_Mock_1_dsmin_sort_dedup.pairs
[2023-12-31 14:27:43,681] multiqc                                            [DEBUG  ]  File ignored by rseqc/junction_annotation because it exceeded search pattern filesize limit: 1K_Mock_1_dsmin_sort_dedup.pairs
[2023-12-31 14:27:43,681] multiqc                                            [DEBUG  ]  File ignored by rseqc/read_distribution because it exceeded search pattern filesize limit: 1K_Mock_1_dsmin_sort_dedup.pairs
[2023-12-31 14:27:43,681] multiqc                                            [DEBUG  ]  File ignored by rseqc/infer_experiment because it exceeded search pattern filesize limit: 1K_Mock_1_dsmin_sort_dedup.pairs
[2023-12-31 14:27:43,722] multiqc                                            [DEBUG  ]  File ignored by ccs/v4 because it exceeded search pattern filesize limit: 1K_Mock_1_dsmin_sort_dedup_rest.pairs
[2023-12-31 14:27:43,722] multiqc                                            [DEBUG  ]  File ignored by hicexplorer because it exceeded search pattern filesize limit: 1K_Mock_1_dsmin_sort_dedup_rest.pairs
[2023-12-31 14:27:43,722] multiqc                                            [DEBUG  ]  File ignored by nanostat because it exceeded search pattern filesize limit: 1K_Mock_1_dsmin_sort_dedup_rest.pairs
[2023-12-31 14:27:43,722] multiqc                                            [DEBUG  ]  File ignored by lima/summary because it exceeded search pattern filesize limit: 1K_Mock_1_dsmin_sort_dedup_rest.pairs
[2023-12-31 14:27:43,724] multiqc                                            [DEBUG  ]  File ignored by longranger/invocation because it exceeded search pattern filesize limit: 1K_Mock_1_dsmin_sort_dedup_rest.pairs
[2023-12-31 14:27:43,731] multiqc                                            [DEBUG  ]  File ignored by ccs/v4 because it exceeded search pattern filesize limit: 1K_Mock_1_pairtools_parse_stats.txt
[2023-12-31 14:27:43,733] multiqc                                            [DEBUG  ]  File ignored by ccs/v4 because it exceeded search pattern filesize limit: 1K_Mock_1_dsmin.pairs
[2023-12-31 14:27:43,734] multiqc                                            [DEBUG  ]  File ignored by hicexplorer because it exceeded search pattern filesize limit: 1K_Mock_1_dsmin.pairs
[2023-12-31 14:27:43,734] multiqc                                            [DEBUG  ]  File ignored by nanostat because it exceeded search pattern filesize limit: 1K_Mock_1_dsmin.pairs
[2023-12-31 14:27:43,734] multiqc                                            [DEBUG  ]  File ignored by lima/summary because it exceeded search pattern filesize limit: 1K_Mock_1_dsmin.pairs
[2023-12-31 14:27:43,735] multiqc                                            [DEBUG  ]  File ignored by vep/vep_html because it exceeded search pattern filesize limit: 1K_Mock_1_dsmin.pairs
[2023-12-31 14:27:43,735] multiqc                                            [DEBUG  ]  File ignored by vep/vep_txt because it exceeded search pattern filesize limit: 1K_Mock_1_dsmin.pairs
[2023-12-31 14:27:43,735] multiqc                                            [DEBUG  ]  File ignored by longranger/invocation because it exceeded search pattern filesize limit: 1K_Mock_1_dsmin.pairs
[2023-12-31 14:27:43,735] multiqc                                            [DEBUG  ]  File ignored by rockhopper because it exceeded search pattern filesize limit: 1K_Mock_1_dsmin.pairs
[2023-12-31 14:27:43,735] multiqc                                            [DEBUG  ]  File ignored by rseqc/bam_stat because it exceeded search pattern filesize limit: 1K_Mock_1_dsmin.pairs
[2023-12-31 14:27:43,735] multiqc                                            [DEBUG  ]  File ignored by rseqc/junction_annotation because it exceeded search pattern filesize limit: 1K_Mock_1_dsmin.pairs
[2023-12-31 14:27:43,735] multiqc                                            [DEBUG  ]  File ignored by rseqc/read_distribution because it exceeded search pattern filesize limit: 1K_Mock_1_dsmin.pairs
[2023-12-31 14:27:43,735] multiqc                                            [DEBUG  ]  File ignored by rseqc/infer_experiment because it exceeded search pattern filesize limit: 1K_Mock_1_dsmin.pairs
[2023-12-31 14:27:43,736] multiqc                                            [DEBUG  ]  File ignored by stacks/sumstats because it exceeded search pattern filesize limit: 1K_Mock_1_dsmin.pairs
[2023-12-31 14:27:43,789] multiqc                                            [DEBUG  ]  File ignored by ccs/v4 because it exceeded search pattern filesize limit: 1K_Mock_1_dsmin_sort_removed_duplicates.pairs
[2023-12-31 14:27:43,790] multiqc                                            [DEBUG  ]  File ignored by hicexplorer because it exceeded search pattern filesize limit: 1K_Mock_1_dsmin_sort_removed_duplicates.pairs
[2023-12-31 14:27:43,790] multiqc                                            [DEBUG  ]  File ignored by nanostat because it exceeded search pattern filesize limit: 1K_Mock_1_dsmin_sort_removed_duplicates.pairs
[2023-12-31 14:27:43,790] multiqc                                            [DEBUG  ]  File ignored by lima/summary because it exceeded search pattern filesize limit: 1K_Mock_1_dsmin_sort_removed_duplicates.pairs
[2023-12-31 14:27:43,791] multiqc                                            [DEBUG  ]  File ignored by longranger/invocation because it exceeded search pattern filesize limit: 1K_Mock_1_dsmin_sort_removed_duplicates.pairs
[2023-12-31 14:27:43,799] multiqc                                            [DEBUG  ]  File ignored by ccs/v4 because it exceeded search pattern filesize limit: 1K_Mock_1_dsmin_sort_dedup_select.pairs
[2023-12-31 14:27:43,799] multiqc                                            [DEBUG  ]  File ignored by hicexplorer because it exceeded search pattern filesize limit: 1K_Mock_1_dsmin_sort_dedup_select.pairs
[2023-12-31 14:27:43,799] multiqc                                            [DEBUG  ]  File ignored by nanostat because it exceeded search pattern filesize limit: 1K_Mock_1_dsmin_sort_dedup_select.pairs
[2023-12-31 14:27:43,799] multiqc                                            [DEBUG  ]  File ignored by lima/summary because it exceeded search pattern filesize limit: 1K_Mock_1_dsmin_sort_dedup_select.pairs
[2023-12-31 14:27:43,800] multiqc                                            [DEBUG  ]  File ignored by vep/vep_txt because it exceeded search pattern filesize limit: 1K_Mock_1_dsmin_sort_dedup_select.pairs
[2023-12-31 14:27:43,800] multiqc                                            [DEBUG  ]  File ignored by longranger/invocation because it exceeded search pattern filesize limit: 1K_Mock_1_dsmin_sort_dedup_select.pairs
[2023-12-31 14:27:43,800] multiqc                                            [DEBUG  ]  File ignored by rockhopper because it exceeded search pattern filesize limit: 1K_Mock_1_dsmin_sort_dedup_select.pairs
[2023-12-31 14:27:43,800] multiqc                                            [DEBUG  ]  File ignored by rseqc/bam_stat because it exceeded search pattern filesize limit: 1K_Mock_1_dsmin_sort_dedup_select.pairs
[2023-12-31 14:27:43,800] multiqc                                            [DEBUG  ]  File ignored by rseqc/junction_annotation because it exceeded search pattern filesize limit: 1K_Mock_1_dsmin_sort_dedup_select.pairs
[2023-12-31 14:27:43,801] multiqc                                            [DEBUG  ]  File ignored by rseqc/read_distribution because it exceeded search pattern filesize limit: 1K_Mock_1_dsmin_sort_dedup_select.pairs
[2023-12-31 14:27:43,801] multiqc                                            [DEBUG  ]  File ignored by rseqc/infer_experiment because it exceeded search pattern filesize limit: 1K_Mock_1_dsmin_sort_dedup_select.pairs
[2023-12-31 14:27:43,841] multiqc                                            [DEBUG  ]  File ignored by ccs/v4 because it exceeded search pattern filesize limit: 1K_Mock_1_dsmin_sort.pairs
[2023-12-31 14:27:43,842] multiqc                                            [DEBUG  ]  File ignored by hicexplorer because it exceeded search pattern filesize limit: 1K_Mock_1_dsmin_sort.pairs
[2023-12-31 14:27:43,842] multiqc                                            [DEBUG  ]  File ignored by nanostat because it exceeded search pattern filesize limit: 1K_Mock_1_dsmin_sort.pairs
[2023-12-31 14:27:43,842] multiqc                                            [DEBUG  ]  File ignored by lima/summary because it exceeded search pattern filesize limit: 1K_Mock_1_dsmin_sort.pairs
[2023-12-31 14:27:43,843] multiqc                                            [DEBUG  ]  File ignored by vep/vep_html because it exceeded search pattern filesize limit: 1K_Mock_1_dsmin_sort.pairs
[2023-12-31 14:27:43,843] multiqc                                            [DEBUG  ]  File ignored by vep/vep_txt because it exceeded search pattern filesize limit: 1K_Mock_1_dsmin_sort.pairs
[2023-12-31 14:27:43,843] multiqc                                            [DEBUG  ]  File ignored by longranger/invocation because it exceeded search pattern filesize limit: 1K_Mock_1_dsmin_sort.pairs
[2023-12-31 14:27:43,843] multiqc                                            [DEBUG  ]  File ignored by rockhopper because it exceeded search pattern filesize limit: 1K_Mock_1_dsmin_sort.pairs
[2023-12-31 14:27:43,843] multiqc                                            [DEBUG  ]  File ignored by rseqc/bam_stat because it exceeded search pattern filesize limit: 1K_Mock_1_dsmin_sort.pairs
[2023-12-31 14:27:43,843] multiqc                                            [DEBUG  ]  File ignored by rseqc/junction_annotation because it exceeded search pattern filesize limit: 1K_Mock_1_dsmin_sort.pairs
[2023-12-31 14:27:43,843] multiqc                                            [DEBUG  ]  File ignored by rseqc/read_distribution because it exceeded search pattern filesize limit: 1K_Mock_1_dsmin_sort.pairs
[2023-12-31 14:27:43,843] multiqc                                            [DEBUG  ]  File ignored by rseqc/infer_experiment because it exceeded search pattern filesize limit: 1K_Mock_1_dsmin_sort.pairs
[2023-12-31 14:27:43,844] multiqc                                            [DEBUG  ]  File ignored by stacks/sumstats because it exceeded search pattern filesize limit: 1K_Mock_1_dsmin_sort.pairs
[2023-12-31 14:27:44,331] multiqc.plots.bargraph                             [DEBUG  ]  Using matplotlib version 3.6.2
[2023-12-31 14:27:44,332] multiqc.plots.linegraph                            [DEBUG  ]  Using matplotlib version 3.6.2
[2023-12-31 14:27:44,335] multiqc.modules.pairtools.pairtools                [INFO   ]  parsing .stats file: results/1K_Mock_3/pairs/1K_Mock_3_dsmin_sort_dedup_stats.txt
[2023-12-31 14:27:44,336] multiqc.modules.pairtools.pairtools                [INFO   ]  parsing .stats file: results/1K_Mock_3/pairs/1K_Mock_3_pairtools_parse_stats.txt
[2023-12-31 14:27:44,337] multiqc.modules.pairtools.pairtools                [INFO   ]  parsing .stats file: results/1K_Mock_2/pairs/1K_Mock_2_dsmin_sort_dedup_stats.txt
[2023-12-31 14:27:44,338] multiqc.modules.pairtools.pairtools                [INFO   ]  parsing .stats file: results/1K_Mock_2/pairs/1K_Mock_2_pairtools_parse_stats.txt
[2023-12-31 14:27:44,339] multiqc.modules.pairtools.pairtools                [INFO   ]  parsing .stats file: results/1K_Mock_1/pairs/1K_Mock_1_dsmin_sort_dedup_stats.txt
[2023-12-31 14:27:44,340] multiqc.modules.pairtools.pairtools                [INFO   ]  parsing .stats file: results/1K_Mock_1/pairs/1K_Mock_1_pairtools_parse_stats.txt
[2023-12-31 14:27:44,341] multiqc.modules.pairtools.pairtools                [INFO   ]  Found 6 reports
[2023-12-31 14:27:44,363] multiqc                                            [INFO   ]  Compressing plot data
[2023-12-31 14:27:44,387] multiqc                                            [WARNING]  Couldn't export data key 'report.general_stats_data'
[2023-12-31 14:27:44,394] multiqc                                            [WARNING]  Previous MultiQC output found! Adjusting filenames..
[2023-12-31 14:27:44,394] multiqc                                            [WARNING]  Use -f or --force to overwrite existing reports instead
[2023-12-31 14:27:44,394] multiqc                                            [INFO   ]  Report      : results/MERGE_Mock/reports/multiqc_report_1.html
[2023-12-31 14:27:44,394] multiqc                                            [INFO   ]  Data        : multiqc_report_data_1
[2023-12-31 14:27:44,394] multiqc                                            [DEBUG  ]  Moving data file from '/tmp/tmpcvwy1bu_/multiqc_data' to '/home/groups/ravnica/projects/HiCkory/multiqc_report_data_1'
[2023-12-31 14:27:44,492] multiqc                                            [INFO   ]  MultiQC complete
